{
  "/home/tdupont/fresnoy/kartel-vue/src/components/ui/UiLink.vue": {
    "path": "/home/tdupont/fresnoy/kartel-vue/src/components/ui/UiLink.vue",
    "statementMap": {
      "0": {
        "start": {
          "line": 1,
          "column": 18
        },
        "end": {
          "line": 27,
          "column": 1
        }
      },
      "1": {
        "start": {
          "line": 16,
          "column": 2
        },
        "end": {
          "line": 16,
          "column": 11
        }
      },
      "2": {
        "start": {
          "line": 18,
          "column": 14
        },
        "end": {
          "line": 18,
          "column": 21
        }
      },
      "3": {
        "start": {
          "line": 22,
          "column": 21
        },
        "end": {
          "line": 22,
          "column": 30
        }
      },
      "4": {
        "start": {
          "line": 23,
          "column": 0
        },
        "end": {
          "line": 23,
          "column": 90
        }
      },
      "5": {
        "start": {
          "line": 24,
          "column": 0
        },
        "end": {
          "line": 24,
          "column": 19
        }
      },
      "6": {
        "start": {
          "line": 30,
          "column": 21
        },
        "end": {
          "line": 30,
          "column": 81
        }
      },
      "7": {
        "start": {
          "line": 30,
          "column": 27
        },
        "end": {
          "line": 30,
          "column": 80
        }
      },
      "8": {
        "start": {
          "line": 31,
          "column": 19
        },
        "end": {
          "line": 31,
          "column": 29
        }
      },
      "9": {
        "start": {
          "line": 32,
          "column": 19
        },
        "end": {
          "line": 32,
          "column": 27
        }
      },
      "10": {
        "start": {
          "line": 35,
          "column": 32
        },
        "end": {
          "line": 35,
          "column": 63
        }
      },
      "11": {
        "start": {
          "line": 37,
          "column": 2
        },
        "end": {
          "line": 52,
          "column": 79
        }
      },
      "12": {
        "start": {
          "line": 43,
          "column": 34
        },
        "end": {
          "line": 45,
          "column": 11
        }
      },
      "13": {
        "start": {
          "line": 57,
          "column": 0
        },
        "end": {
          "line": 57,
          "column": 30
        }
      },
      "14": {
        "start": {
          "line": 58,
          "column": 0
        },
        "end": {
          "line": 58,
          "column": 108
        }
      },
      "15": {
        "start": {
          "line": 59,
          "column": 0
        },
        "end": {
          "line": 67,
          "column": 2
        }
      },
      "16": {
        "start": {
          "line": 60,
          "column": 2
        },
        "end": {
          "line": 60,
          "column": 18
        }
      },
      "17": {
        "start": {
          "line": 60,
          "column": 12
        },
        "end": {
          "line": 60,
          "column": 18
        }
      },
      "18": {
        "start": {
          "line": 61,
          "column": 47
        },
        "end": {
          "line": 61,
          "column": 50
        }
      },
      "19": {
        "start": {
          "line": 62,
          "column": 2
        },
        "end": {
          "line": 66,
          "column": 3
        }
      },
      "20": {
        "start": {
          "line": 63,
          "column": 4
        },
        "end": {
          "line": 63,
          "column": 65
        }
      },
      "21": {
        "start": {
          "line": 65,
          "column": 4
        },
        "end": {
          "line": 65,
          "column": 56
        }
      }
    },
    "fnMap": {
      "0": {
        "name": "(anonymous_0)",
        "decl": {
          "start": {
            "line": 15,
            "column": 2
          },
          "end": {
            "line": 15,
            "column": 3
          }
        },
        "loc": {
          "start": {
            "line": 15,
            "column": 29
          },
          "end": {
            "line": 25,
            "column": 1
          }
        },
        "line": 15
      },
      "1": {
        "name": "(anonymous_1)",
        "decl": {
          "start": {
            "line": 30,
            "column": 21
          },
          "end": {
            "line": 30,
            "column": 22
          }
        },
        "loc": {
          "start": {
            "line": 30,
            "column": 27
          },
          "end": {
            "line": 30,
            "column": 80
          }
        },
        "line": 30
      },
      "2": {
        "name": "_sfc_render",
        "decl": {
          "start": {
            "line": 34,
            "column": 9
          },
          "end": {
            "line": 34,
            "column": 20
          }
        },
        "loc": {
          "start": {
            "line": 34,
            "column": 68
          },
          "end": {
            "line": 53,
            "column": 1
          }
        },
        "line": 34
      },
      "3": {
        "name": "(anonymous_3)",
        "decl": {
          "start": {
            "line": 43,
            "column": 28
          },
          "end": {
            "line": 43,
            "column": 29
          }
        },
        "loc": {
          "start": {
            "line": 43,
            "column": 34
          },
          "end": {
            "line": 45,
            "column": 11
          }
        },
        "line": 43
      },
      "4": {
        "name": "(anonymous_4)",
        "decl": {
          "start": {
            "line": 59,
            "column": 23
          },
          "end": {
            "line": 59,
            "column": 24
          }
        },
        "loc": {
          "start": {
            "line": 59,
            "column": 30
          },
          "end": {
            "line": 67,
            "column": 1
          }
        },
        "line": 59
      }
    },
    "branchMap": {
      "0": {
        "loc": {
          "start": {
            "line": 37,
            "column": 9
          },
          "end": {
            "line": 52,
            "column": 79
          }
        },
        "type": "cond-expr",
        "locations": [
          {
            "start": {
              "line": 38,
              "column": 7
            },
            "end": {
              "line": 48,
              "column": 8
            }
          },
          {
            "start": {
              "line": 49,
              "column": 7
            },
            "end": {
              "line": 52,
              "column": 78
            }
          }
        ],
        "line": 37
      },
      "1": {
        "loc": {
          "start": {
            "line": 58,
            "column": 0
          },
          "end": {
            "line": 58,
            "column": 108
          }
        },
        "type": "binary-expr",
        "locations": [
          {
            "start": {
              "line": 58,
              "column": 0
            },
            "end": {
              "line": 58,
              "column": 42
            }
          },
          {
            "start": {
              "line": 58,
              "column": 46
            },
            "end": {
              "line": 58,
              "column": 108
            }
          }
        ],
        "line": 58
      },
      "2": {
        "loc": {
          "start": {
            "line": 60,
            "column": 2
          },
          "end": {
            "line": 60,
            "column": 18
          }
        },
        "type": "if",
        "locations": [
          {
            "start": {
              "line": 60,
              "column": 2
            },
            "end": {
              "line": 60,
              "column": 18
            }
          },
          {
            "start": {},
            "end": {}
          }
        ],
        "line": 60
      },
      "3": {
        "loc": {
          "start": {
            "line": 62,
            "column": 2
          },
          "end": {
            "line": 66,
            "column": 3
          }
        },
        "type": "if",
        "locations": [
          {
            "start": {
              "line": 62,
              "column": 2
            },
            "end": {
              "line": 66,
              "column": 3
            }
          },
          {
            "start": {
              "line": 64,
              "column": 9
            },
            "end": {
              "line": 66,
              "column": 3
            }
          }
        ],
        "line": 62
      }
    },
    "s": {
      "0": 77,
      "1": 32,
      "2": 32,
      "3": 32,
      "4": 32,
      "5": 32,
      "6": 77,
      "7": 0,
      "8": 77,
      "9": 77,
      "10": 32,
      "11": 32,
      "12": 32,
      "13": 2,
      "14": 2,
      "15": 2,
      "16": 0,
      "17": 0,
      "18": 0,
      "19": 0,
      "20": 0,
      "21": 0
    },
    "f": {
      "0": 32,
      "1": 0,
      "2": 32,
      "3": 32,
      "4": 0
    },
    "b": {
      "0": [
        32,
        0
      ],
      "1": [
        2,
        2
      ],
      "2": [
        0,
        0
      ],
      "3": [
        0,
        0
      ]
    },
    "inputSourceMap": {
      "version": 3,
      "names": [],
      "sources": [
        "/home/tdupont/fresnoy/kartel-vue/src/components/ui/UiLink.vue"
      ],
      "mappings": ";;;;;;;;;;;;;;;;;;AAAc;AAYX;;;;;;;;;;;;;;;;;UAIU,YAAK,CAAC,MAAM;qBAAvB,oBAMM;QALJ,aAIa;UAHX,KAAK,EAAC,+DAA+D;UACpE,EAAE,EAAE,YAAK,CAAC,GAAG;;4BACb,CAAgB;8CAAb,YAAK,CAAC,IAAI;;;;;qBAIlB,oBAAgD;;QAArC,IAAI,EAAE,YAAK,CAAC,GAAG;0BAAK,YAAK,CAAC,IAAI"
    },
    "_coverageSchema": "1a1c01bbd47fc00a2c39e90264f33305004495a9",
    "hash": "2f4ca64b465b779c8e0c133bdcf314f015aa97d2"
  },
  "/home/tdupont/fresnoy/kartel-vue/src/components/ui/AppButton.vue": {
    "path": "/home/tdupont/fresnoy/kartel-vue/src/components/ui/AppButton.vue",
    "statementMap": {
      "0": {
        "start": {
          "line": 1,
          "column": 18
        },
        "end": {
          "line": 1,
          "column": 20
        }
      },
      "1": {
        "start": {
          "line": 4,
          "column": 19
        },
        "end": {
          "line": 4,
          "column": 97
        }
      },
      "2": {
        "start": {
          "line": 7,
          "column": 2
        },
        "end": {
          "line": 10,
          "column": 5
        }
      }
    },
    "fnMap": {
      "0": {
        "name": "_sfc_render",
        "decl": {
          "start": {
            "line": 6,
            "column": 9
          },
          "end": {
            "line": 6,
            "column": 20
          }
        },
        "loc": {
          "start": {
            "line": 6,
            "column": 35
          },
          "end": {
            "line": 11,
            "column": 1
          }
        },
        "line": 6
      }
    },
    "branchMap": {},
    "s": {
      "0": 14,
      "1": 14,
      "2": 14
    },
    "f": {
      "0": 14
    },
    "b": {},
    "inputSourceMap": {
      "version": 3,
      "sources": [
        "/home/tdupont/fresnoy/kartel-vue/src/components/ui/AppButton.vue"
      ],
      "names": [],
      "mappings": ";;qBAKI,KAAK,EAAC,mEAAmE;;;wBAD3E,oBAKS,UALT,UAKS;IAFT,8CAA8B;IAC5B,YAAa",
      "file": "/home/tdupont/fresnoy/kartel-vue/src/components/ui/AppButton.vue",
      "sourceRoot": ""
    },
    "_coverageSchema": "1a1c01bbd47fc00a2c39e90264f33305004495a9",
    "hash": "a16d5343775cacffb47426dfd13b53c8db959a68"
  },
  "/home/tdupont/fresnoy/kartel-vue/src/config.js": {
    "path": "/home/tdupont/fresnoy/kartel-vue/src/config.js",
    "statementMap": {
      "0": {
        "start": {
          "line": 12,
          "column": 15
        },
        "end": {
          "line": 23,
          "column": 1
        }
      }
    },
    "fnMap": {},
    "branchMap": {},
    "s": {
      "0": 61
    },
    "f": {},
    "b": {},
    "inputSourceMap": {
      "version": 3,
      "file": null,
      "sources": [
        "/home/tdupont/fresnoy/kartel-vue/src/config.js"
      ],
      "names": [],
      "mappings": "AAAA,CAAC,CAAC,CAAC,CAAC,CAAC,CAAC,CAAC,CAAC,CAAC,CAAC,CAAC,CAAC,CAAC,CAAC,CAAC,CAAC,CAAC,CAAC,CAAC;AACnB,CAAC,CAAC,CAAC,CAAC,CAAC,CAAC,CAAC,CAAC,CAAC,CAAC,CAAC,CAAC,CAAC,CAAC,CAAC,CAAC,CAAC,CAAC,CAAC,CAAC,CAAC,CAAC,CAAC,CAAC,CAAC,CAAC,CAAC,CAAC,CAAC,CAAC,CAAC,CAAC;AAChC,CAAC,CAAC,CAAC,CAAC,CAAC,CAAC,CAAC,CAAC,CAAC,CAAC,CAAC,CAAC,CAAC,CAAC,CAAC,CAAC,CAAC,CAAC,CAAC,CAAC,CAAC,CAAC,CAAC,CAAC,CAAC;AACzB,CAAC,CAAC,CAAC,CAAC,CAAC,CAAC,CAAC,CAAC,CAAC,CAAC,CAAC,CAAC,CAAC,CAAC,CAAC,CAAC,CAAC,CAAC,CAAC,CAAC,CAAC,CAAC,CAAC,CAAC,CAAC,CAAC,CAAC,CAAC,CAAC,CAAC,CAAC,CAAC,CAAC,CAAC,CAAC,CAAC,CAAC,CAAC,CAAC,CAAC,CAAC,CAAC,CAAC;AAC3C,CAAC,CAAC,CAAC,CAAC,CAAC,CAAC,CAAC,CAAC,CAAC,CAAC,CAAC,CAAC,CAAC,CAAC,CAAC,CAAC,CAAC,CAAC,CAAC,CAAC,CAAC,CAAC,CAAC,CAAC,CAAC,CAAC,CAAC,CAAC,CAAC,CAAC,CAAC,CAAC,CAAC,CAAC,CAAC,CAAC,CAAC,CAAC,CAAC,CAAC,CAAC,CAAC,CAAC,CAAC,CAAC,CAAC,CAAC,CAAC,CAAC,CAAC;AAClD,CAAC,CAAC,CAAC,CAAC,CAAC,CAAC,CAAC,CAAC,CAAC,CAAC,CAAC,CAAC,CAAC,CAAC,CAAC,CAAC,CAAC,CAAC,CAAC,CAAC,CAAC,CAAC,CAAC,CAAC,CAAC,CAAC,CAAC,CAAC,CAAC,CAAC,CAAC,CAAC,CAAC,CAAC,CAAC,CAAC,CAAC,CAAC,CAAC,CAAC,CAAC,CAAC,CAAC,CAAC,CAAC,CAAC,CAAC;AAC/C,CAAC,CAAC,CAAC,CAAC,CAAC,CAAC,CAAC,CAAC,CAAC,CAAC,CAAC,CAAC,CAAC,CAAC,CAAC,CAAC,CAAC,CAAC,CAAC,CAAC,CAAC,CAAC,CAAC,CAAC,CAAC,CAAC,CAAC,CAAC,CAAC,CAAC,CAAC,CAAC,CAAC,CAAC,CAAC,CAAC,CAAC,CAAC,CAAC,CAAC,CAAC,CAAC,CAAC,CAAC,CAAC,CAAC,CAAC,CAAC,CAAC,CAAC,CAAC;AACnD,CAAC,CAAC,CAAC,CAAC,CAAC,CAAC,CAAC,CAAC,CAAC,CAAC,CAAC,CAAC,CAAC,CAAC,CAAC,CAAC,CAAC,CAAC,CAAC,CAAC,CAAC,CAAC,CAAC,CAAC,CAAC,CAAC,CAAC,CAAC,CAAC,CAAC,CAAC,CAAC,CAAC,CAAC,CAAC,CAAC,CAAC,CAAC,CAAC,CAAC,CAAC,CAAC,CAAC,CAAC,CAAC,CAAC,CAAC,CAAC,CAAC,CAAC,CAAC,CAAC,CAAC,CAAC,CAAC,CAAC,CAAC,CAAC,CAAC,CAAC,CAAC,CAAC,CAAC,CAAC,CAAC,CAAC,CAAC,CAAC,CAAC,CAAC,CAAC,CAAC,CAAC,CAAC,CAAC,CAAC,CAAC;AAC7E,CAAC,CAAC,CAAC,CAAC,CAAC,CAAC,CAAC,CAAC,CAAC,CAAC,CAAC,CAAC,CAAC,CAAC,CAAC,CAAC,CAAC,CAAC,CAAC,CAAC,CAAC,CAAC,CAAC,CAAC,CAAC,CAAC,CAAC,CAAC,CAAC,CAAC,CAAC,CAAC,CAAC,CAAC,CAAC,CAAC,CAAC,CAAC,CAAC,CAAC,CAAC,CAAC,CAAC,CAAC,CAAC,CAAC,CAAC,CAAC,CAAC,CAAC,CAAC,CAAC,CAAC,CAAC,CAAC,CAAC,CAAC,CAAC,CAAC,CAAC,CAAC,CAAC,CAAC,CAAC,CAAC,CAAC,CAAC;AACnE,CAAC,CAAC,CAAC,CAAC,CAAC;AACL;AACA,CAAC,CAAC,CAAC,CAAC,CAAC,CAAC,CAAC,CAAC,CAAC,CAAC,CAAC,CAAC,CAAC,CAAC,CAAC,CAAC;AAChB,CAAC,CAAC,CAAC,CAAC,CAAC,CAAC,CAAC,CAAC,CAAC,CAAC,CAAC,CAAC,CAAC,CAAC,CAAC,CAAC,CAAC,CAAC,CAAC,CAAC,CAAC,CAAC,CAAC,CAAC,CAAC,CAAC,CAAC,CAAC,CAAC,CAAC,CAAC,CAAC;AAChC;AACA,CAAC,CAAC,CAAC,CAAC,CAAC,CAAC,CAAC,CAAC,CAAC,CAAC,CAAC,CAAC,CAAC,CAAC,CAAC,CAAC,CAAC,CAAC,CAAC,CAAC,CAAC,CAAC,CAAC,CAAC,CAAC,CAAC,CAAC,CAAC,CAAC,CAAC,CAAC,CAAC,CAAC,CAAC,CAAC,CAAC,CAAC,CAAC,CAAC,CAAC,CAAC,CAAC,CAAC;AAC3C,CAAC,CAAC,CAAC,CAAC,CAAC,CAAC,CAAC,CAAC,CAAC,CAAC,CAAC,CAAC,CAAC,CAAC,CAAC,CAAC,CAAC,CAAC,CAAC,CAAC,CAAC,CAAC,CAAC,CAAC,CAAC,CAAC,CAAC,CAAC,CAAC,CAAC,CAAC,CAAC,CAAC,CAAC,CAAC,CAAC;AACpC,CAAC,CAAC,CAAC,CAAC,CAAC,CAAC,CAAC,CAAC,CAAC,CAAC,CAAC,CAAC,CAAC,CAAC,CAAC,CAAC,CAAC,CAAC,CAAC,CAAC,CAAC,CAAC,CAAC,CAAC,CAAC,CAAC,CAAC,CAAC,CAAC,CAAC,CAAC,CAAC,CAAC,CAAC,CAAC,CAAC,CAAC,CAAC,CAAC,CAAC,CAAC,CAAC,CAAC,CAAC,CAAC,CAAC,CAAC,CAAC,CAAC,CAAC,CAAC,CAAC,CAAC,CAAC,CAAC,CAAC,CAAC;AACzD,CAAC,CAAC,CAAC,CAAC,CAAC,CAAC,CAAC,CAAC,CAAC,CAAC,CAAC,CAAC,CAAC,CAAC,CAAC,CAAC,CAAC,CAAC,CAAC,CAAC,CAAC,CAAC,CAAC,CAAC,CAAC,CAAC,CAAC,CAAC,CAAC,CAAC,CAAC,CAAC,CAAC,CAAC,CAAC,CAAC,CAAC,CAAC,CAAC,CAAC,CAAC,CAAC,CAAC;AAC3C,CAAC,CAAC,CAAC,CAAC,CAAC,CAAC,CAAC,CAAC,CAAC,CAAC,CAAC,CAAC,CAAC,CAAC,CAAC,CAAC,CAAC,CAAC,CAAC,CAAC,CAAC,CAAC,CAAC,CAAC,CAAC,CAAC,CAAC,CAAC,CAAC,CAAC,CAAC,CAAC,CAAC,CAAC,CAAC,CAAC,CAAC,CAAC,CAAC,CAAC,CAAC,CAAC,CAAC,CAAC;AAC5C,CAAC,CAAC,CAAC,CAAC,CAAC,CAAC,CAAC,CAAC,CAAC,CAAC,CAAC,CAAC,CAAC,CAAC,CAAC,CAAC,CAAC,CAAC,CAAC,CAAC,CAAC,CAAC,CAAC,CAAC,CAAC,CAAC,CAAC,CAAC,CAAC,CAAC,CAAC,CAAC,CAAC,CAAC,CAAC,CAAC,CAAC,CAAC,CAAC,CAAC,CAAC,CAAC;AAC1C,CAAC,CAAC,CAAC,CAAC,CAAC,CAAC,CAAC,CAAC,CAAC,CAAC,CAAC,CAAC,CAAC,CAAC,CAAC,CAAC,CAAC,CAAC,CAAC,CAAC,CAAC,CAAC,CAAC,CAAC,CAAC,CAAC,CAAC,CAAC,CAAC,CAAC,CAAC,CAAC,CAAC,CAAC,CAAC,CAAC,CAAC,CAAC,CAAC,CAAC,CAAC,CAAC,CAAC,CAAC,CAAC,CAAC,CAAC,CAAC,CAAC,CAAC,CAAC,CAAC,CAAC,CAAC,CAAC,CAAC,CAAC,CAAC,CAAC,CAAC,CAAC,CAAC,CAAC,CAAC,CAAC,CAAC,CAAC,CAAC,CAAC,CAAC,CAAC,CAAC,CAAC,CAAC;AAC1E,CAAC,CAAC,CAAC,CAAC,CAAC,CAAC,CAAC,CAAC,CAAC,CAAC,CAAC,CAAC,CAAC,CAAC,CAAC,CAAC,CAAC,CAAC,CAAC,CAAC,CAAC,CAAC,CAAC,CAAC,CAAC,CAAC,CAAC,CAAC,CAAC,CAAC,CAAC,CAAC,CAAC,CAAC,CAAC,CAAC,CAAC,CAAC,CAAC,CAAC,CAAC,CAAC,CAAC,CAAC,CAAC,CAAC,CAAC,CAAC,CAAC,CAAC,CAAC,CAAC,CAAC,CAAC,CAAC,CAAC,CAAC,CAAC,CAAC,CAAC,CAAC,CAAC,CAAC,CAAC;AAChE,CAAC,CAAC;AACF;AACA,CAAC,CAAC,CAAC,CAAC,CAAC,CAAC,CAAC,CAAC,CAAC,CAAC,CAAC,CAAC,CAAC,CAAC,CAAC,CAAC,CAAC,CAAC,CAAC,CAAC,CAAC,CAAC;"
    },
    "_coverageSchema": "1a1c01bbd47fc00a2c39e90264f33305004495a9",
    "hash": "52aa8a70aa6a141df2d4f8dacdc6ff371089adbf"
  },
  "/home/tdupont/fresnoy/kartel-vue/src/composables/getId.js": {
    "path": "/home/tdupont/fresnoy/kartel-vue/src/composables/getId.js",
    "statementMap": {
      "0": {
        "start": {
          "line": 3,
          "column": 2
        },
        "end": {
          "line": 5,
          "column": 3
        }
      },
      "1": {
        "start": {
          "line": 4,
          "column": 4
        },
        "end": {
          "line": 4,
          "column": 15
        }
      },
      "2": {
        "start": {
          "line": 7,
          "column": 16
        },
        "end": {
          "line": 7,
          "column": 30
        }
      },
      "3": {
        "start": {
          "line": 8,
          "column": 13
        },
        "end": {
          "line": 8,
          "column": 36
        }
      },
      "4": {
        "start": {
          "line": 9,
          "column": 2
        },
        "end": {
          "line": 9,
          "column": 20
        }
      }
    },
    "fnMap": {
      "0": {
        "name": "getId",
        "decl": {
          "start": {
            "line": 2,
            "column": 9
          },
          "end": {
            "line": 2,
            "column": 14
          }
        },
        "loc": {
          "start": {
            "line": 2,
            "column": 20
          },
          "end": {
            "line": 10,
            "column": 1
          }
        },
        "line": 2
      }
    },
    "branchMap": {
      "0": {
        "loc": {
          "start": {
            "line": 3,
            "column": 2
          },
          "end": {
            "line": 5,
            "column": 3
          }
        },
        "type": "if",
        "locations": [
          {
            "start": {
              "line": 3,
              "column": 2
            },
            "end": {
              "line": 5,
              "column": 3
            }
          },
          {
            "start": {},
            "end": {}
          }
        ],
        "line": 3
      }
    },
    "s": {
      "0": 30,
      "1": 0,
      "2": 30,
      "3": 30,
      "4": 30
    },
    "f": {
      "0": 30
    },
    "b": {
      "0": [
        0,
        30
      ]
    },
    "inputSourceMap": {
      "version": 3,
      "file": null,
      "sources": [
        "/home/tdupont/fresnoy/kartel-vue/src/composables/getId.js"
      ],
      "names": [],
      "mappings": "AAAA,CAAC,CAAC,CAAC,CAAC,CAAC,CAAC,CAAC,CAAC,CAAC,CAAC,CAAC,CAAC,CAAC,CAAC,CAAC,CAAC,CAAC,CAAC,CAAC,CAAC,CAAC,CAAC,CAAC,CAAC,CAAC,CAAC,CAAC,CAAC,CAAC,CAAC,CAAC,CAAC,CAAC,CAAC,CAAC,CAAC,CAAC,CAAC,CAAC,CAAC,CAAC,CAAC,CAAC,CAAC,CAAC,CAAC,CAAC,CAAC,CAAC,CAAC,CAAC,CAAC,CAAC,CAAC,CAAC,CAAC,CAAC,CAAC,CAAC,CAAC,CAAC,CAAC,CAAC,CAAC,CAAC,CAAC,CAAC,CAAC;AACpE,CAAC,CAAC,CAAC,CAAC,CAAC,CAAC,CAAC,CAAC,CAAC,CAAC,CAAC,CAAC,CAAC,CAAC,CAAC,CAAC,CAAC,CAAC,CAAC,CAAC,CAAC;AACrB,CAAC,CAAC,CAAC,CAAC,CAAC,CAAC,CAAC,CAAC,CAAC,CAAC,CAAC,CAAC,CAAC;AACb,CAAC,CAAC,CAAC,CAAC,CAAC,CAAC,CAAC,CAAC,CAAC,CAAC,CAAC,CAAC,CAAC,CAAC,CAAC;AACf,CAAC,CAAC,CAAC;AACH;AACA,CAAC,CAAC,CAAC,CAAC,CAAC,CAAC,CAAC,CAAC,CAAC,CAAC,CAAC,CAAC,CAAC,CAAC,CAAC,CAAC,CAAC,CAAC,CAAC,CAAC,CAAC,CAAC,CAAC,CAAC,CAAC,CAAC,CAAC,CAAC,CAAC,CAAC,CAAC;AAC/B,CAAC,CAAC,CAAC,CAAC,CAAC,CAAC,CAAC,CAAC,CAAC,CAAC,CAAC,CAAC,CAAC,CAAC,CAAC,CAAC,CAAC,CAAC,CAAC,CAAC,CAAC,CAAC,CAAC,CAAC,CAAC,CAAC,CAAC,CAAC,CAAC,CAAC,CAAC,CAAC,CAAC,CAAC,CAAC,CAAC,CAAC;AACrC,CAAC,CAAC,CAAC,CAAC,CAAC,CAAC,CAAC,CAAC,CAAC,CAAC,CAAC,CAAC,CAAC,CAAC,CAAC,CAAC,CAAC,CAAC,CAAC,CAAC;AACpB,CAAC;AACD;AACA,CAAC,CAAC,CAAC,CAAC,CAAC,CAAC,CAAC,CAAC;AACR,CAAC,CAAC,CAAC,CAAC,CAAC,CAAC,CAAC;AACP"
    },
    "_coverageSchema": "1a1c01bbd47fc00a2c39e90264f33305004495a9",
    "hash": "79e6a0a463be16fa7c93d1ad6a4b1c0b6ae315e8"
  },
  "/home/tdupont/fresnoy/kartel-vue/src/components/artwork/ArtworkCard.vue": {
    "path": "/home/tdupont/fresnoy/kartel-vue/src/components/artwork/ArtworkCard.vue",
    "statementMap": {
      "0": {
        "start": {
          "line": 10,
          "column": 18
        },
        "end": {
          "line": 38,
          "column": 1
        }
      },
      "1": {
        "start": {
          "line": 27,
          "column": 2
        },
        "end": {
          "line": 27,
          "column": 11
        }
      },
      "2": {
        "start": {
          "line": 29,
          "column": 14
        },
        "end": {
          "line": 29,
          "column": 21
        }
      },
      "3": {
        "start": {
          "line": 33,
          "column": 21
        },
        "end": {
          "line": 33,
          "column": 92
        }
      },
      "4": {
        "start": {
          "line": 33,
          "column": 45
        },
        "end": {
          "line": 33,
          "column": 58
        }
      },
      "5": {
        "start": {
          "line": 33,
          "column": 76
        },
        "end": {
          "line": 33,
          "column": 88
        }
      },
      "6": {
        "start": {
          "line": 34,
          "column": 0
        },
        "end": {
          "line": 34,
          "column": 90
        }
      },
      "7": {
        "start": {
          "line": 35,
          "column": 0
        },
        "end": {
          "line": 35,
          "column": 19
        }
      },
      "8": {
        "start": {
          "line": 41,
          "column": 19
        },
        "end": {
          "line": 41,
          "column": 33
        }
      },
      "9": {
        "start": {
          "line": 42,
          "column": 32
        },
        "end": {
          "line": 42,
          "column": 123
        }
      },
      "10": {
        "start": {
          "line": 43,
          "column": 19
        },
        "end": {
          "line": 43,
          "column": 71
        }
      },
      "11": {
        "start": {
          "line": 46,
          "column": 33
        },
        "end": {
          "line": 46,
          "column": 65
        }
      },
      "12": {
        "start": {
          "line": 48,
          "column": 2
        },
        "end": {
          "line": 66,
          "column": 28
        }
      },
      "13": {
        "start": {
          "line": 52,
          "column": 28
        },
        "end": {
          "line": 64,
          "column": 5
        }
      }
    },
    "fnMap": {
      "0": {
        "name": "(anonymous_0)",
        "decl": {
          "start": {
            "line": 26,
            "column": 2
          },
          "end": {
            "line": 26,
            "column": 3
          }
        },
        "loc": {
          "start": {
            "line": 26,
            "column": 29
          },
          "end": {
            "line": 36,
            "column": 1
          }
        },
        "line": 26
      },
      "1": {
        "name": "(anonymous_1)",
        "decl": {
          "start": {
            "line": 33,
            "column": 30
          },
          "end": {
            "line": 33,
            "column": 31
          }
        },
        "loc": {
          "start": {
            "line": 33,
            "column": 43
          },
          "end": {
            "line": 33,
            "column": 60
          }
        },
        "line": 33
      },
      "2": {
        "name": "(anonymous_2)",
        "decl": {
          "start": {
            "line": 33,
            "column": 62
          },
          "end": {
            "line": 33,
            "column": 63
          }
        },
        "loc": {
          "start": {
            "line": 33,
            "column": 74
          },
          "end": {
            "line": 33,
            "column": 90
          }
        },
        "line": 33
      },
      "3": {
        "name": "_sfc_render",
        "decl": {
          "start": {
            "line": 45,
            "column": 9
          },
          "end": {
            "line": 45,
            "column": 20
          }
        },
        "loc": {
          "start": {
            "line": 45,
            "column": 68
          },
          "end": {
            "line": 67,
            "column": 1
          }
        },
        "line": 45
      },
      "4": {
        "name": "(anonymous_4)",
        "decl": {
          "start": {
            "line": 52,
            "column": 22
          },
          "end": {
            "line": 52,
            "column": 23
          }
        },
        "loc": {
          "start": {
            "line": 52,
            "column": 28
          },
          "end": {
            "line": 64,
            "column": 5
          }
        },
        "line": 52
      }
    },
    "branchMap": {},
    "s": {
      "0": 12,
      "1": 12,
      "2": 12,
      "3": 12,
      "4": 12,
      "5": 12,
      "6": 12,
      "7": 12,
      "8": 12,
      "9": 12,
      "10": 12,
      "11": 12,
      "12": 12,
      "13": 12
    },
    "f": {
      "0": 12,
      "1": 12,
      "2": 12,
      "3": 12,
      "4": 12
    },
    "b": {},
    "inputSourceMap": {
      "version": 3,
      "names": [],
      "sources": [
        "/home/tdupont/fresnoy/kartel-vue/src/components/artwork/ArtworkCard.vue"
      ],
      "mappings": "AACA,CAAC,CAAC,CAAC,CAAC,CAAC,CAAC,CAAC,CAAC,CAAC,CAAC,CAAC,CAAC,CAAC,CAAC,CAAC,CAAC,CAAC,CAAC,CAAC,CAAC,CAAC,CAAC,CAAC,CAAC,CAAC,CAAC,CAAC,CAAC,CAAC,CAAC,CAAC,CAAC,CAAC,CAAC;AAClC;AACA,CAAC,CAAC,CAAC,CAAC,CAAC,CAAC,CAAC,CAAC,CAAC,CAAC,CAAC,CAAC,CAAC,CAAC,CAAC,CAAC,CAAC,CAAC,CAAC,CAAC,CAAC,CAAC,CAAC,CAAC,CAAC,CAAC,CAAC,CAAC,CAAC,CAAC,CAAC,CAAC,CAAC,CAAC,CAAC,CAAC,CAAC,CAAC,CAAC,CAAC,CAAC,CAAC,CAAC,CAAC;AAC5C;AACA,CAAC,CAAC,CAAC,CAAC,CAAC,CAAC,CAAC,CAAC,CAAC,CAAC,CAAC,CAAC,CAAC,CAAC,CAAC,CAAC,CAAC,CAAC,CAAC,CAAC,CAAC,CAAC,CAAC,CAAC,CAAC,CAAC,CAAC,CAAC,CAAC,CAAC,CAAC,CAAC,CAAC,CAAC,CAAC,CAAC,CAAC,CAAC,CAAC,CAAC,CAAC,CAAC,CAAC,CAAC,CAAC,CAAC,CAAC,CAAC,CAAC,CAAC,CAAC,CAAC,CAAC;AACrD;AACA,CAAC,CAAC,CAAC,CAAC,CAAC,CAAC,CAAC,CAAC,CAAC,CAAC,CAAC,CAAC,CAAC,CAAC,CAAC,CAAC,CAAC,CAAC,CAAC,CAAC,CAAC,CAAC,CAAC,CAAC,CAAC,CAAC,CAAC,CAAC,CAAC,CAAC,CAAC,CAAC,CAAC,CAAC,CAAC,CAAC,CAAC,CAAC,CAAC,CAAC,CAAC,CAAC,CAAC,CAAC,CAAC,CAAC,CAAC,CAAC,CAAC,CAAC,CAAC;AACnD,CAAC,CAAC,CAAC,CAAC,CAAC,CAAC,CAAC,CAAC,CAAC,CAAC,CAAC,CAAC,CAAC,CAAC,CAAC,CAAC,CAAC,CAAC,CAAC,CAAC,CAAC,CAAC,CAAC,CAAC,CAAC,CAAC,CAAC,CAAC,CAAC,CAAC,CAAC,CAAC,CAAC,CAAC,CAAC,CAAC,CAAC,CAAC,CAAC,CAAC,CAAC,CAAC,CAAC,CAAC,CAAC,CAAC,CAAC,CAAC;;;;;;;;;;;;;;;;;;;;;;AARlC;AAsBX;;;;;;;;;;;gCAoBC,oBAA+C,UAAzC,KAAK,EAAC,2BAA2B;qBACnC,KAAK,EAAC,yCAAyC;;;;;wBAfrD,aAgBc;IAfX,EAAE,cAAc,YAAK,CAAC,YAAK,CAAC,GAAG;IAChC,KAAK,EAAC,yBAAyB;;sBAE/B,CASM;MATN,oBASM;QARH,KAAK,+BAAc,YAAK,CAAC,KAAK,UACzB,wDAAwD;;QAE9D,oBAIE;UAHA,KAAK,EAAC,kCAAkC;UACvC,GAAG,EAAE,YAAK,CAAC,KAAK;UAChB,GAAG,KAAK,aAAM,CAAC,aAAa,QAAQ,YAAK,CAAC,OAAO;;;MAGtD,UAA+C;MAC/C,oBAA0E,MAA1E,UAA0E,mBAAnB,YAAK,CAAC,KAAK"
    },
    "_coverageSchema": "1a1c01bbd47fc00a2c39e90264f33305004495a9",
    "hash": "a46c8a6b73ea11c8f31c66ec383471ac40f15b96"
  },
  "/home/tdupont/fresnoy/kartel-vue/src/stores/configApi.js": {
    "path": "/home/tdupont/fresnoy/kartel-vue/src/stores/configApi.js",
    "statementMap": {
      "0": {
        "start": {
          "line": 6,
          "column": 28
        },
        "end": {
          "line": 125,
          "column": 2
        }
      },
      "1": {
        "start": {
          "line": 11,
          "column": 19
        },
        "end": {
          "line": 11,
          "column": 26
        }
      },
      "2": {
        "start": {
          "line": 12,
          "column": 22
        },
        "end": {
          "line": 12,
          "column": 27
        }
      },
      "3": {
        "start": {
          "line": 13,
          "column": 22
        },
        "end": {
          "line": 13,
          "column": 29
        }
      },
      "4": {
        "start": {
          "line": 23,
          "column": 19
        },
        "end": {
          "line": 23,
          "column": 71
        }
      },
      "5": {
        "start": {
          "line": 24,
          "column": 15
        },
        "end": {
          "line": 24,
          "column": 36
        }
      },
      "6": {
        "start": {
          "line": 28,
          "column": 35
        },
        "end": {
          "line": 30,
          "column": 5
        }
      },
      "7": {
        "start": {
          "line": 29,
          "column": 16
        },
        "end": {
          "line": 29,
          "column": 49
        }
      },
      "8": {
        "start": {
          "line": 32,
          "column": 4
        },
        "end": {
          "line": 32,
          "column": 46
        }
      },
      "9": {
        "start": {
          "line": 36,
          "column": 19
        },
        "end": {
          "line": 38,
          "column": 5
        }
      },
      "10": {
        "start": {
          "line": 39,
          "column": 15
        },
        "end": {
          "line": 39,
          "column": 36
        }
      },
      "11": {
        "start": {
          "line": 40,
          "column": 4
        },
        "end": {
          "line": 40,
          "column": 31
        }
      },
      "12": {
        "start": {
          "line": 46,
          "column": 19
        },
        "end": {
          "line": 48,
          "column": 5
        }
      },
      "13": {
        "start": {
          "line": 49,
          "column": 15
        },
        "end": {
          "line": 49,
          "column": 36
        }
      },
      "14": {
        "start": {
          "line": 51,
          "column": 4
        },
        "end": {
          "line": 51,
          "column": 29
        }
      },
      "15": {
        "start": {
          "line": 53,
          "column": 18
        },
        "end": {
          "line": 64,
          "column": 6
        }
      },
      "16": {
        "start": {
          "line": 57,
          "column": 6
        },
        "end": {
          "line": 57,
          "column": 48
        }
      },
      "17": {
        "start": {
          "line": 63,
          "column": 6
        },
        "end": {
          "line": 63,
          "column": 21
        }
      },
      "18": {
        "start": {
          "line": 66,
          "column": 4
        },
        "end": {
          "line": 66,
          "column": 29
        }
      },
      "19": {
        "start": {
          "line": 69,
          "column": 4
        },
        "end": {
          "line": 69,
          "column": 65
        }
      },
      "20": {
        "start": {
          "line": 74,
          "column": 4
        },
        "end": {
          "line": 88,
          "column": 5
        }
      },
      "21": {
        "start": {
          "line": 75,
          "column": 19
        },
        "end": {
          "line": 79,
          "column": 8
        }
      },
      "22": {
        "start": {
          "line": 77,
          "column": 8
        },
        "end": {
          "line": 77,
          "column": 56
        }
      },
      "23": {
        "start": {
          "line": 78,
          "column": 8
        },
        "end": {
          "line": 78,
          "column": 68
        }
      },
      "24": {
        "start": {
          "line": 81,
          "column": 6
        },
        "end": {
          "line": 81,
          "column": 29
        }
      },
      "25": {
        "start": {
          "line": 83,
          "column": 19
        },
        "end": {
          "line": 85,
          "column": 7
        }
      },
      "26": {
        "start": {
          "line": 84,
          "column": 8
        },
        "end": {
          "line": 84,
          "column": 60
        }
      },
      "27": {
        "start": {
          "line": 87,
          "column": 6
        },
        "end": {
          "line": 87,
          "column": 29
        }
      },
      "28": {
        "start": {
          "line": 93,
          "column": 21
        },
        "end": {
          "line": 93,
          "column": 46
        }
      },
      "29": {
        "start": {
          "line": 94,
          "column": 21
        },
        "end": {
          "line": 94,
          "column": 42
        }
      },
      "30": {
        "start": {
          "line": 103,
          "column": 4
        },
        "end": {
          "line": 103,
          "column": 26
        }
      },
      "31": {
        "start": {
          "line": 109,
          "column": 18
        },
        "end": {
          "line": 109,
          "column": 32
        }
      },
      "32": {
        "start": {
          "line": 110,
          "column": 15
        },
        "end": {
          "line": 110,
          "column": 38
        }
      },
      "33": {
        "start": {
          "line": 111,
          "column": 4
        },
        "end": {
          "line": 111,
          "column": 22
        }
      },
      "34": {
        "start": {
          "line": 114,
          "column": 2
        },
        "end": {
          "line": 124,
          "column": 4
        }
      }
    },
    "fnMap": {
      "0": {
        "name": "(anonymous_0)",
        "decl": {
          "start": {
            "line": 6,
            "column": 53
          },
          "end": {
            "line": 6,
            "column": 54
          }
        },
        "loc": {
          "start": {
            "line": 6,
            "column": 59
          },
          "end": {
            "line": 125,
            "column": 1
          }
        },
        "line": 6
      },
      "1": {
        "name": "getPromotions",
        "decl": {
          "start": {
            "line": 22,
            "column": 17
          },
          "end": {
            "line": 22,
            "column": 30
          }
        },
        "loc": {
          "start": {
            "line": 22,
            "column": 33
          },
          "end": {
            "line": 33,
            "column": 3
          }
        },
        "line": 22
      },
      "2": {
        "name": "(anonymous_2)",
        "decl": {
          "start": {
            "line": 29,
            "column": 6
          },
          "end": {
            "line": 29,
            "column": 7
          }
        },
        "loc": {
          "start": {
            "line": 29,
            "column": 16
          },
          "end": {
            "line": 29,
            "column": 49
          }
        },
        "line": 29
      },
      "3": {
        "name": "getSelectedPromo",
        "decl": {
          "start": {
            "line": 35,
            "column": 17
          },
          "end": {
            "line": 35,
            "column": 33
          }
        },
        "loc": {
          "start": {
            "line": 35,
            "column": 43
          },
          "end": {
            "line": 41,
            "column": 3
          }
        },
        "line": 35
      },
      "4": {
        "name": "getPromoStudents",
        "decl": {
          "start": {
            "line": 45,
            "column": 17
          },
          "end": {
            "line": 45,
            "column": 33
          }
        },
        "loc": {
          "start": {
            "line": 45,
            "column": 43
          },
          "end": {
            "line": 70,
            "column": 3
          }
        },
        "line": 45
      },
      "5": {
        "name": "(anonymous_5)",
        "decl": {
          "start": {
            "line": 53,
            "column": 27
          },
          "end": {
            "line": 53,
            "column": 28
          }
        },
        "loc": {
          "start": {
            "line": 53,
            "column": 46
          },
          "end": {
            "line": 64,
            "column": 5
          }
        },
        "line": 53
      },
      "6": {
        "name": "sortStudents",
        "decl": {
          "start": {
            "line": 72,
            "column": 11
          },
          "end": {
            "line": 72,
            "column": 23
          }
        },
        "loc": {
          "start": {
            "line": 72,
            "column": 41
          },
          "end": {
            "line": 89,
            "column": 3
          }
        },
        "line": 72
      },
      "7": {
        "name": "(anonymous_7)",
        "decl": {
          "start": {
            "line": 75,
            "column": 33
          },
          "end": {
            "line": 75,
            "column": 34
          }
        },
        "loc": {
          "start": {
            "line": 75,
            "column": 43
          },
          "end": {
            "line": 79,
            "column": 7
          }
        },
        "line": 75
      },
      "8": {
        "name": "(anonymous_8)",
        "decl": {
          "start": {
            "line": 83,
            "column": 33
          },
          "end": {
            "line": 83,
            "column": 34
          }
        },
        "loc": {
          "start": {
            "line": 84,
            "column": 8
          },
          "end": {
            "line": 84,
            "column": 60
          }
        },
        "line": 84
      },
      "9": {
        "name": "getUser",
        "decl": {
          "start": {
            "line": 92,
            "column": 17
          },
          "end": {
            "line": 92,
            "column": 24
          }
        },
        "loc": {
          "start": {
            "line": 92,
            "column": 34
          },
          "end": {
            "line": 106,
            "column": 3
          }
        },
        "line": 92
      },
      "10": {
        "name": "getId",
        "decl": {
          "start": {
            "line": 108,
            "column": 11
          },
          "end": {
            "line": 108,
            "column": 16
          }
        },
        "loc": {
          "start": {
            "line": 108,
            "column": 22
          },
          "end": {
            "line": 112,
            "column": 3
          }
        },
        "line": 108
      }
    },
    "branchMap": {
      "0": {
        "loc": {
          "start": {
            "line": 74,
            "column": 4
          },
          "end": {
            "line": 88,
            "column": 5
          }
        },
        "type": "if",
        "locations": [
          {
            "start": {
              "line": 74,
              "column": 4
            },
            "end": {
              "line": 88,
              "column": 5
            }
          },
          {
            "start": {
              "line": 82,
              "column": 11
            },
            "end": {
              "line": 88,
              "column": 5
            }
          }
        ],
        "line": 74
      },
      "1": {
        "loc": {
          "start": {
            "line": 78,
            "column": 15
          },
          "end": {
            "line": 78,
            "column": 67
          }
        },
        "type": "cond-expr",
        "locations": [
          {
            "start": {
              "line": 78,
              "column": 61
            },
            "end": {
              "line": 78,
              "column": 62
            }
          },
          {
            "start": {
              "line": 78,
              "column": 65
            },
            "end": {
              "line": 78,
              "column": 67
            }
          }
        ],
        "line": 78
      },
      "2": {
        "loc": {
          "start": {
            "line": 84,
            "column": 8
          },
          "end": {
            "line": 84,
            "column": 60
          }
        },
        "type": "cond-expr",
        "locations": [
          {
            "start": {
              "line": 84,
              "column": 54
            },
            "end": {
              "line": 84,
              "column": 55
            }
          },
          {
            "start": {
              "line": 84,
              "column": 58
            },
            "end": {
              "line": 84,
              "column": 60
            }
          }
        ],
        "line": 84
      }
    },
    "s": {
      "0": 61,
      "1": 19,
      "2": 19,
      "3": 19,
      "4": 0,
      "5": 0,
      "6": 0,
      "7": 0,
      "8": 0,
      "9": 0,
      "10": 0,
      "11": 0,
      "12": 0,
      "13": 0,
      "14": 0,
      "15": 0,
      "16": 0,
      "17": 0,
      "18": 0,
      "19": 0,
      "20": 0,
      "21": 0,
      "22": 0,
      "23": 0,
      "24": 0,
      "25": 0,
      "26": 0,
      "27": 0,
      "28": 0,
      "29": 0,
      "30": 0,
      "31": 0,
      "32": 0,
      "33": 0,
      "34": 19
    },
    "f": {
      "0": 19,
      "1": 0,
      "2": 0,
      "3": 0,
      "4": 0,
      "5": 0,
      "6": 0,
      "7": 0,
      "8": 0,
      "9": 0,
      "10": 0
    },
    "b": {
      "0": [
        0,
        0
      ],
      "1": [
        0,
        0
      ],
      "2": [
        0,
        0
      ]
    },
    "inputSourceMap": {
      "version": 3,
      "file": null,
      "sources": [
        "/home/tdupont/fresnoy/kartel-vue/src/stores/configApi.js"
      ],
      "names": [],
      "mappings": "AAAA,CAAC,CAAC,CAAC,CAAC,CAAC,CAAC,CAAC,CAAC,CAAC,CAAC,CAAC,CAAC,CAAC,CAAC,CAAC,CAAC,CAAC,CAAC,CAAC,CAAC,CAAC,CAAC,CAAC,CAAC,CAAC,CAAC,CAAC,CAAC,CAAC,CAAC,CAAC,CAAC,CAAC,CAAC,CAAC,CAAC;AACpC,CAAC,CAAC,CAAC,CAAC,CAAC,CAAC,CAAC,CAAC,CAAC,CAAC,CAAC,CAAC,CAAC,CAAC,CAAC,CAAC,CAAC,CAAC,CAAC,CAAC,CAAC,CAAC,CAAC,CAAC,CAAC,CAAC;AAC1B;AACA,CAAC,CAAC,CAAC,CAAC,CAAC,CAAC,CAAC,CAAC,CAAC,CAAC,CAAC,CAAC,CAAC,CAAC,CAAC,CAAC,CAAC,CAAC,CAAC,CAAC,CAAC,CAAC,CAAC,CAAC,CAAC,CAAC,CAAC,CAAC,CAAC,CAAC,CAAC;AAC/B;AACA,CAAC,CAAC,CAAC,CAAC,CAAC,CAAC,CAAC,CAAC,CAAC,CAAC,CAAC,CAAC,CAAC,CAAC,CAAC,CAAC,CAAC,CAAC,CAAC,CAAC,CAAC,CAAC,CAAC,CAAC,CAAC,CAAC,CAAC,CAAC,CAAC,CAAC,CAAC,CAAC,CAAC,CAAC,CAAC,CAAC,CAAC,CAAC,CAAC,CAAC,CAAC,CAAC,CAAC,CAAC,CAAC,CAAC,CAAC,CAAC,CAAC,CAAC,CAAC,CAAC,CAAC,CAAC,CAAC,CAAC,CAAC,CAAC,CAAC,CAAC;AAC5D,CAAC,CAAC,CAAC,CAAC,CAAC,CAAC,CAAC,CAAC,CAAC,CAAC,CAAC,CAAC,CAAC,CAAC,CAAC,CAAC,CAAC,CAAC;AAClB,CAAC,CAAC,CAAC,CAAC,CAAC,CAAC,CAAC,CAAC,CAAC,CAAC,CAAC,CAAC,CAAC,CAAC,CAAC,CAAC,CAAC,CAAC,CAAC,CAAC,CAAC,CAAC,CAAC,CAAC,CAAC,CAAC,CAAC,CAAC,CAAC,CAAC,CAAC,CAAC,CAAC,CAAC,CAAC,CAAC,CAAC,CAAC,CAAC,CAAC,CAAC,CAAC,CAAC,CAAC,CAAC,CAAC,CAAC,CAAC,CAAC,CAAC,CAAC,CAAC,CAAC,CAAC,CAAC,CAAC,CAAC,CAAC,CAAC,CAAC,CAAC,CAAC,CAAC,CAAC,CAAC,CAAC,CAAC,CAAC,CAAC,CAAC,CAAC,CAAC,CAAC,CAAC,CAAC,CAAC,CAAC,CAAC,CAAC,CAAC,CAAC,CAAC,CAAC,CAAC,CAAC,CAAC,CAAC,CAAC,CAAC,CAAC,CAAC,CAAC,CAAC,CAAC,CAAC,CAAC,CAAC,CAAC,CAAC,CAAC,CAAC,CAAC,CAAC,CAAC,CAAC,CAAC,CAAC,CAAC,CAAC,CAAC,CAAC,CAAC,CAAC,CAAC,CAAC,CAAC,CAAC,CAAC,CAAC,CAAC,CAAC,CAAC;AAC1H,CAAC,CAAC,CAAC,CAAC,CAAC,CAAC,CAAC,CAAC,CAAC,CAAC,CAAC,CAAC,CAAC,CAAC,CAAC,CAAC,CAAC,CAAC,CAAC,CAAC,CAAC,CAAC,CAAC,CAAC,CAAC,CAAC,CAAC,CAAC,CAAC,CAAC,CAAC,CAAC,CAAC,CAAC,CAAC,CAAC,CAAC,CAAC,CAAC,CAAC,CAAC,CAAC,CAAC,CAAC,CAAC,CAAC,CAAC,CAAC,CAAC,CAAC,CAAC,CAAC,CAAC,CAAC,CAAC,CAAC,CAAC,CAAC,CAAC,CAAC,CAAC,CAAC,CAAC,CAAC,CAAC,CAAC,CAAC,CAAC,CAAC,CAAC,CAAC,CAAC,CAAC;AACzE,CAAC,CAAC,CAAC,CAAC,CAAC,CAAC,CAAC,CAAC,CAAC,CAAC,CAAC,CAAC,CAAC,CAAC,CAAC,CAAC,CAAC,CAAC,CAAC,CAAC,CAAC,CAAC,CAAC,CAAC,CAAC,CAAC,CAAC,CAAC,CAAC,CAAC,CAAC,CAAC,CAAC,CAAC,CAAC,CAAC,CAAC,CAAC,CAAC,CAAC,CAAC,CAAC,CAAC,CAAC,CAAC,CAAC,CAAC,CAAC,CAAC,CAAC,CAAC,CAAC,CAAC,CAAC,CAAC,CAAC,CAAC,CAAC,CAAC,CAAC,CAAC,CAAC,CAAC,CAAC,CAAC,CAAC,CAAC,CAAC,CAAC,CAAC,CAAC,CAAC,CAAC,CAAC,CAAC,CAAC,CAAC,CAAC,CAAC,CAAC,CAAC,CAAC,CAAC;AACnF,CAAC,CAAC,CAAC,CAAC,CAAC,CAAC,CAAC,CAAC,CAAC,CAAC,CAAC,CAAC,CAAC,CAAC,CAAC,CAAC,CAAC,CAAC,CAAC,CAAC,CAAC,CAAC,CAAC,CAAC,CAAC,CAAC,CAAC;AAC3B,CAAC,CAAC,CAAC,CAAC,CAAC,CAAC,CAAC,CAAC,CAAC,CAAC,CAAC,CAAC,CAAC,CAAC,CAAC,CAAC,CAAC,CAAC,CAAC,CAAC,CAAC,CAAC,CAAC,CAAC,CAAC,CAAC,CAAC,CAAC;AAC5B,CAAC,CAAC,CAAC,CAAC,CAAC,CAAC,CAAC,CAAC,CAAC,CAAC,CAAC,CAAC,CAAC,CAAC,CAAC,CAAC,CAAC,CAAC,CAAC,CAAC,CAAC,CAAC,CAAC,CAAC,CAAC,CAAC,CAAC,CAAC,CAAC,CAAC;AAC9B;AACA,CAAC,CAAC,CAAC,CAAC,CAAC,CAAC,CAAC,CAAC,CAAC,CAAC,CAAC,CAAC,CAAC,CAAC,CAAC,CAAC,CAAC,CAAC,CAAC,CAAC,CAAC,CAAC,CAAC,CAAC,CAAC,CAAC,CAAC,CAAC,CAAC,CAAC,CAAC,CAAC,CAAC,CAAC,CAAC,CAAC,CAAC,CAAC,CAAC,CAAC,CAAC,CAAC,CAAC,CAAC,CAAC,CAAC,CAAC,CAAC,CAAC;AACjD,CAAC,CAAC,CAAC,CAAC,CAAC,CAAC,CAAC,CAAC,CAAC,CAAC,CAAC,CAAC,CAAC,CAAC,CAAC,CAAC,CAAC,CAAC,CAAC,CAAC,CAAC,CAAC;AACtB,CAAC,CAAC,CAAC,CAAC,CAAC,CAAC,CAAC,CAAC,CAAC,CAAC,CAAC,CAAC,CAAC,CAAC,CAAC,CAAC,CAAC;AACjB,CAAC,CAAC,CAAC,CAAC,CAAC,CAAC,CAAC,CAAC,CAAC,CAAC,CAAC,CAAC,CAAC,CAAC,CAAC,CAAC,CAAC,CAAC,CAAC,CAAC;AACpB,CAAC,CAAC,CAAC,CAAC,CAAC,CAAC,CAAC,CAAC;AACR;AACA,CAAC,CAAC,CAAC,CAAC,CAAC,CAAC,CAAC,CAAC,CAAC,CAAC,CAAC,CAAC,CAAC,CAAC,CAAC,CAAC,CAAC,CAAC,CAAC,CAAC,CAAC,CAAC,CAAC,CAAC,CAAC,CAAC,CAAC,CAAC,CAAC,CAAC,CAAC,CAAC,CAAC,CAAC,CAAC,CAAC,CAAC,CAAC,CAAC,CAAC,CAAC,CAAC,CAAC,CAAC,CAAC,CAAC,CAAC,CAAC,CAAC,CAAC,CAAC,CAAC,CAAC,CAAC,CAAC;AACvD,CAAC,CAAC,CAAC,CAAC,CAAC,CAAC,CAAC,CAAC,CAAC,CAAC,CAAC,CAAC,CAAC,CAAC,CAAC,CAAC,CAAC,CAAC,CAAC,CAAC,CAAC,CAAC,CAAC,CAAC,CAAC,CAAC,CAAC,CAAC,CAAC,CAAC,CAAC,CAAC,CAAC,CAAC;AAClC,CAAC,CAAC,CAAC,CAAC,CAAC,CAAC,CAAC,CAAC,CAAC,CAAC,CAAC,CAAC,CAAC,CAAC,CAAC,CAAC,CAAC,CAAC,CAAC,CAAC,CAAC,CAAC,CAAC,CAAC,CAAC,CAAC,CAAC,CAAC,CAAC,CAAC,CAAC,CAAC,CAAC,CAAC,CAAC,CAAC,CAAC,CAAC,CAAC,CAAC,CAAC,CAAC,CAAC,CAAC,CAAC,CAAC,CAAC,CAAC,CAAC,CAAC,CAAC,CAAC,CAAC,CAAC,CAAC,CAAC,CAAC,CAAC,CAAC,CAAC,CAAC,CAAC,CAAC,CAAC,CAAC,CAAC,CAAC,CAAC,CAAC,CAAC,CAAC,CAAC;AACxE,CAAC,CAAC,CAAC,CAAC,CAAC,CAAC,CAAC,CAAC,CAAC,CAAC,CAAC,CAAC,CAAC,CAAC,CAAC,CAAC,CAAC,CAAC,CAAC,CAAC,CAAC,CAAC,CAAC,CAAC,CAAC,CAAC,CAAC,CAAC,CAAC,CAAC,CAAC,CAAC,CAAC,CAAC,CAAC,CAAC,CAAC;AACrC;AACA,CAAC,CAAC,CAAC,CAAC,CAAC,CAAC,CAAC,CAAC,CAAC,CAAC,CAAC,CAAC,CAAC,CAAC,CAAC,CAAC,CAAC,CAAC,CAAC,CAAC,CAAC,CAAC,CAAC,CAAC,CAAC,CAAC,CAAC,CAAC,CAAC,CAAC,CAAC,CAAC,CAAC,CAAC,CAAC,CAAC,CAAC,CAAC,CAAC,CAAC,CAAC,CAAC,CAAC,CAAC,CAAC,CAAC,CAAC,CAAC,CAAC,CAAC;AAClD,CAAC,CAAC,CAAC,CAAC,CAAC,CAAC,CAAC,CAAC,CAAC,CAAC,CAAC,CAAC,CAAC,CAAC,CAAC,CAAC,CAAC,CAAC,CAAC,CAAC,CAAC,CAAC,CAAC,CAAC,CAAC,CAAC,CAAC,CAAC,CAAC,CAAC,CAAC,CAAC,CAAC,CAAC,CAAC;AACnC,CAAC,CAAC,CAAC,CAAC,CAAC,CAAC,CAAC,CAAC,CAAC,CAAC,CAAC,CAAC,CAAC,CAAC,CAAC,CAAC,CAAC,CAAC,CAAC,CAAC,CAAC,CAAC,CAAC,CAAC,CAAC,CAAC,CAAC,CAAC,CAAC,CAAC,CAAC,CAAC,CAAC,CAAC,CAAC,CAAC,CAAC,CAAC,CAAC,CAAC,CAAC,CAAC,CAAC,CAAC,CAAC;AAC7C,CAAC,CAAC,CAAC,CAAC,CAAC,CAAC,CAAC,CAAC,CAAC,CAAC,CAAC,CAAC,CAAC,CAAC,CAAC,CAAC,CAAC,CAAC,CAAC,CAAC,CAAC,CAAC,CAAC,CAAC,CAAC,CAAC,CAAC,CAAC,CAAC,CAAC,CAAC,CAAC,CAAC,CAAC,CAAC,CAAC,CAAC,CAAC,CAAC,CAAC,CAAC,CAAC,CAAC,CAAC,CAAC,CAAC,CAAC,CAAC,CAAC;AACjD,CAAC,CAAC,CAAC,CAAC,CAAC,CAAC;AACN;AACA,CAAC,CAAC,CAAC,CAAC,CAAC,CAAC,CAAC,CAAC,CAAC,CAAC,CAAC,CAAC,CAAC,CAAC,CAAC,CAAC,CAAC,CAAC,CAAC,CAAC,CAAC,CAAC,CAAC,CAAC,CAAC,CAAC,CAAC,CAAC,CAAC,CAAC,CAAC,CAAC,CAAC,CAAC,CAAC,CAAC,CAAC,CAAC,CAAC,CAAC,CAAC,CAAC,CAAC,CAAC,CAAC,CAAC;AAC9C,CAAC,CAAC,CAAC;AACH;AACA,CAAC,CAAC,CAAC,CAAC,CAAC,CAAC,CAAC,CAAC,CAAC,CAAC,CAAC,CAAC,CAAC,CAAC,CAAC,CAAC,CAAC,CAAC,CAAC,CAAC,CAAC,CAAC,CAAC,CAAC,CAAC,CAAC,CAAC,CAAC,CAAC,CAAC,CAAC,CAAC,CAAC,CAAC,CAAC,CAAC,CAAC,CAAC,CAAC,CAAC,CAAC,CAAC,CAAC,CAAC;AAC5C,CAAC,CAAC,CAAC,CAAC,CAAC,CAAC,CAAC,CAAC,CAAC,CAAC,CAAC,CAAC,CAAC,CAAC,CAAC,CAAC,CAAC,CAAC,CAAC,CAAC,CAAC,CAAC,CAAC,CAAC,CAAC,CAAC,CAAC,CAAC,CAAC,CAAC,CAAC;AAC/B,CAAC,CAAC,CAAC,CAAC,CAAC,CAAC,CAAC,CAAC,CAAC,CAAC,CAAC,CAAC,CAAC,CAAC,CAAC,CAAC,CAAC,CAAC,CAAC,CAAC,CAAC,CAAC,CAAC,CAAC,CAAC,CAAC,CAAC,CAAC,CAAC,CAAC,CAAC,CAAC,CAAC,CAAC,CAAC,CAAC,CAAC,CAAC,CAAC,CAAC,CAAC,CAAC,CAAC,CAAC,CAAC,CAAC,CAAC,CAAC,CAAC,CAAC,CAAC,CAAC,CAAC,CAAC,CAAC,CAAC;AACxD,CAAC,CAAC,CAAC,CAAC,CAAC,CAAC;AACN,CAAC,CAAC,CAAC,CAAC,CAAC,CAAC,CAAC,CAAC,CAAC,CAAC,CAAC,CAAC,CAAC,CAAC,CAAC,CAAC,CAAC,CAAC,CAAC,CAAC,CAAC,CAAC,CAAC,CAAC,CAAC,CAAC,CAAC,CAAC,CAAC,CAAC,CAAC,CAAC,CAAC,CAAC,CAAC,CAAC,CAAC;AACrC,CAAC,CAAC,CAAC,CAAC,CAAC,CAAC,CAAC,CAAC,CAAC,CAAC,CAAC,CAAC,CAAC,CAAC,CAAC,CAAC,CAAC,CAAC,CAAC,CAAC,CAAC,CAAC,CAAC,CAAC,CAAC,CAAC,CAAC,CAAC,CAAC,CAAC,CAAC;AAC/B,CAAC,CAAC,CAAC;AACH;AACA,CAAC,CAAC,CAAC,CAAC,CAAC,CAAC,CAAC,CAAC,CAAC,CAAC,CAAC,CAAC,CAAC,CAAC,CAAC,CAAC,CAAC,CAAC,CAAC,CAAC,CAAC,CAAC,CAAC,CAAC,CAAC,CAAC,CAAC,CAAC,CAAC,CAAC,CAAC,CAAC,CAAC,CAAC,CAAC,CAAC,CAAC,CAAC,CAAC,CAAC,CAAC,CAAC,CAAC,CAAC,CAAC,CAAC,CAAC,CAAC,CAAC,CAAC,CAAC,CAAC,CAAC,CAAC,CAAC,CAAC,CAAC,CAAC,CAAC,CAAC,CAAC,CAAC,CAAC,CAAC,CAAC,CAAC,CAAC,CAAC,CAAC,CAAC,CAAC,CAAC,CAAC,CAAC,CAAC,CAAC,CAAC,CAAC,CAAC,CAAC,CAAC,CAAC,CAAC,CAAC,CAAC;AACrF,CAAC,CAAC,CAAC,CAAC,CAAC,CAAC,CAAC,CAAC,CAAC,CAAC,CAAC,CAAC,CAAC,CAAC,CAAC,CAAC,CAAC,CAAC,CAAC,CAAC,CAAC,CAAC,CAAC,CAAC,CAAC,CAAC,CAAC,CAAC,CAAC,CAAC,CAAC,CAAC,CAAC,CAAC,CAAC,CAAC;AACpC,CAAC,CAAC,CAAC,CAAC,CAAC,CAAC,CAAC,CAAC,CAAC,CAAC,CAAC,CAAC,CAAC,CAAC,CAAC,CAAC,CAAC,CAAC,CAAC,CAAC,CAAC,CAAC,CAAC,CAAC,CAAC,CAAC,CAAC,CAAC,CAAC,CAAC,CAAC,CAAC,CAAC,CAAC,CAAC,CAAC,CAAC,CAAC,CAAC,CAAC,CAAC,CAAC,CAAC,CAAC;AAC5C,CAAC,CAAC,CAAC,CAAC,CAAC,CAAC,CAAC,CAAC,CAAC,CAAC,CAAC,CAAC,CAAC,CAAC,CAAC,CAAC,CAAC,CAAC,CAAC,CAAC,CAAC,CAAC,CAAC,CAAC,CAAC,CAAC,CAAC,CAAC,CAAC,CAAC,CAAC;AAC/B,CAAC,CAAC,CAAC,CAAC,CAAC,CAAC,CAAC,CAAC,CAAC,CAAC,CAAC,CAAC,CAAC,CAAC,CAAC,CAAC,CAAC,CAAC,CAAC,CAAC,CAAC,CAAC,CAAC,CAAC,CAAC,CAAC,CAAC,CAAC,CAAC,CAAC,CAAC,CAAC,CAAC,CAAC,CAAC,CAAC,CAAC,CAAC,CAAC,CAAC,CAAC,CAAC,CAAC,CAAC,CAAC,CAAC,CAAC,CAAC,CAAC,CAAC,CAAC,CAAC,CAAC,CAAC,CAAC,CAAC,CAAC,CAAC,CAAC,CAAC,CAAC,CAAC,CAAC,CAAC,CAAC,CAAC,CAAC,CAAC,CAAC,CAAC,CAAC,CAAC,CAAC,CAAC,CAAC,CAAC,CAAC,CAAC,CAAC,CAAC,CAAC,CAAC,CAAC,CAAC,CAAC,CAAC,CAAC,CAAC,CAAC,CAAC;AAC1F,CAAC,CAAC,CAAC,CAAC,CAAC,CAAC;AACN,CAAC,CAAC,CAAC,CAAC,CAAC,CAAC,CAAC,CAAC,CAAC,CAAC,CAAC,CAAC,CAAC,CAAC,CAAC,CAAC,CAAC,CAAC,CAAC,CAAC,CAAC,CAAC,CAAC,CAAC,CAAC,CAAC,CAAC,CAAC,CAAC,CAAC,CAAC,CAAC,CAAC,CAAC,CAAC,CAAC,CAAC;AACrC;AACA,CAAC,CAAC,CAAC,CAAC,CAAC,CAAC,CAAC,CAAC,CAAC,CAAC,CAAC,CAAC,CAAC,CAAC,CAAC,CAAC,CAAC,CAAC,CAAC,CAAC,CAAC,CAAC,CAAC,CAAC,CAAC,CAAC,CAAC,CAAC,CAAC;AAC7B;AACA,CAAC,CAAC,CAAC,CAAC,CAAC,CAAC,CAAC,CAAC,CAAC,CAAC,CAAC,CAAC,CAAC,CAAC,CAAC,CAAC,CAAC,CAAC,CAAC,CAAC,CAAC,CAAC,CAAC,CAAC,CAAC,CAAC,CAAC,CAAC,CAAC,CAAC,CAAC,CAAC,CAAC,CAAC,CAAC,CAAC,CAAC,CAAC,CAAC,CAAC,CAAC,CAAC,CAAC,CAAC,CAAC,CAAC,CAAC;AAC/C,CAAC,CAAC,CAAC,CAAC,CAAC,CAAC,CAAC,CAAC,CAAC,CAAC,CAAC,CAAC,CAAC,CAAC,CAAC,CAAC,CAAC,CAAC,CAAC,CAAC,CAAC,CAAC,CAAC,CAAC,CAAC,CAAC,CAAC,CAAC,CAAC,CAAC,CAAC,CAAC;AAChC,CAAC,CAAC,CAAC,CAAC,CAAC,CAAC,CAAC,CAAC,CAAC,CAAC,CAAC,CAAC,CAAC,CAAC,CAAC,CAAC,CAAC,CAAC,CAAC,CAAC,CAAC,CAAC,CAAC,CAAC,CAAC,CAAC,CAAC,CAAC,CAAC,CAAC,CAAC,CAAC,CAAC,CAAC,CAAC,CAAC,CAAC,CAAC,CAAC,CAAC,CAAC,CAAC,CAAC,CAAC,CAAC;AAC7C;AACA,CAAC,CAAC,CAAC,CAAC,CAAC,CAAC,CAAC,CAAC,CAAC,CAAC,CAAC,CAAC,CAAC,CAAC,CAAC,CAAC,CAAC,CAAC,CAAC,CAAC,CAAC,CAAC,CAAC,CAAC,CAAC,CAAC,CAAC,CAAC,CAAC,CAAC,CAAC,CAAC,CAAC,CAAC,CAAC,CAAC,CAAC,CAAC,CAAC,CAAC,CAAC,CAAC,CAAC,CAAC,CAAC,CAAC,CAAC,CAAC;AAChD;AACA,CAAC,CAAC,CAAC,CAAC,CAAC,CAAC,CAAC,CAAC,CAAC,CAAC,CAAC,CAAC,CAAC,CAAC,CAAC,CAAC,CAAC,CAAC,CAAC,CAAC,CAAC,CAAC,CAAC,CAAC,CAAC,CAAC,CAAC,CAAC,CAAC,CAAC,CAAC,CAAC,CAAC,CAAC,CAAC,CAAC,CAAC,CAAC,CAAC,CAAC,CAAC,CAAC,CAAC,CAAC,CAAC,CAAC,CAAC,CAAC,CAAC,CAAC,CAAC,CAAC,CAAC,CAAC,CAAC,CAAC,CAAC,CAAC,CAAC,CAAC,CAAC,CAAC,CAAC,CAAC,CAAC,CAAC,CAAC,CAAC,CAAC,CAAC,CAAC,CAAC,CAAC,CAAC,CAAC,CAAC,CAAC,CAAC,CAAC,CAAC,CAAC,CAAC,CAAC,CAAC,CAAC,CAAC,CAAC,CAAC,CAAC,CAAC,CAAC,CAAC,CAAC,CAAC,CAAC,CAAC,CAAC,CAAC,CAAC,CAAC,CAAC,CAAC,CAAC,CAAC,CAAC,CAAC,CAAC,CAAC,CAAC,CAAC,CAAC,CAAC,CAAC,CAAC,CAAC;AACnH,CAAC,CAAC,CAAC,CAAC,CAAC,CAAC,CAAC,CAAC,CAAC,CAAC,CAAC,CAAC,CAAC,CAAC,CAAC,CAAC,CAAC,CAAC,CAAC,CAAC,CAAC,CAAC,CAAC,CAAC;AACxB;AACA,CAAC,CAAC,CAAC,CAAC,CAAC,CAAC,CAAC,CAAC,CAAC,CAAC,CAAC,CAAC,CAAC,CAAC,CAAC,CAAC,CAAC,CAAC,CAAC,CAAC,CAAC,CAAC,CAAC,CAAC,CAAC,CAAC,CAAC,CAAC,CAAC,CAAC;AAC9B,CAAC,CAAC,CAAC,CAAC,CAAC,CAAC,CAAC,CAAC,CAAC,CAAC,CAAC,CAAC,CAAC,CAAC,CAAC,CAAC,CAAC,CAAC,CAAC,CAAC,CAAC;AACrB,CAAC,CAAC,CAAC,CAAC,CAAC,CAAC,CAAC;AACP;AACA,CAAC,CAAC,CAAC,CAAC,CAAC,CAAC,CAAC,CAAC,CAAC,CAAC,CAAC,CAAC,CAAC,CAAC,CAAC,CAAC,CAAC,CAAC,CAAC,CAAC,CAAC,CAAC,CAAC,CAAC,CAAC,CAAC,CAAC,CAAC,CAAC;AAC7B;AACA,CAAC,CAAC,CAAC,CAAC,CAAC,CAAC,CAAC,CAAC,CAAC,CAAC,CAAC,CAAC,CAAC,CAAC,CAAC,CAAC,CAAC,CAAC,CAAC,CAAC,CAAC,CAAC,CAAC,CAAC,CAAC,CAAC,CAAC,CAAC,CAAC,CAAC,CAAC,CAAC,CAAC,CAAC,CAAC,CAAC,CAAC,CAAC,CAAC,CAAC,CAAC,CAAC,CAAC,CAAC,CAAC,CAAC,CAAC,CAAC,CAAC,CAAC,CAAC,CAAC,CAAC,CAAC,CAAC,CAAC,CAAC,CAAC;AAC1D,CAAC,CAAC,CAAC,CAAC,CAAC,CAAC,CAAC,CAAC,CAAC,CAAC,CAAC,CAAC,CAAC,CAAC,CAAC,CAAC,CAAC,CAAC,CAAC,CAAC,CAAC,CAAC,CAAC,CAAC,CAAC,CAAC,CAAC,CAAC,CAAC,CAAC,CAAC,CAAC,CAAC,CAAC,CAAC,CAAC,CAAC,CAAC,CAAC,CAAC,CAAC,CAAC,CAAC,CAAC,CAAC,CAAC,CAAC,CAAC,CAAC,CAAC,CAAC,CAAC,CAAC,CAAC,CAAC,CAAC,CAAC,CAAC,CAAC,CAAC,CAAC,CAAC,CAAC,CAAC,CAAC;AACjE,CAAC,CAAC,CAAC;AACH;AACA,CAAC,CAAC,CAAC,CAAC,CAAC,CAAC,CAAC,CAAC,CAAC,CAAC,CAAC,CAAC,CAAC,CAAC,CAAC,CAAC,CAAC,CAAC,CAAC,CAAC,CAAC,CAAC,CAAC,CAAC,CAAC,CAAC,CAAC,CAAC,CAAC,CAAC,CAAC,CAAC,CAAC,CAAC,CAAC,CAAC,CAAC,CAAC,CAAC,CAAC,CAAC,CAAC;AAC1C,CAAC,CAAC,CAAC,CAAC,CAAC,CAAC,CAAC,CAAC,CAAC,CAAC,CAAC,CAAC,CAAC,CAAC,CAAC,CAAC,CAAC,CAAC,CAAC,CAAC,CAAC,CAAC,CAAC,CAAC,CAAC,CAAC,CAAC,CAAC,CAAC,CAAC,CAAC,CAAC,CAAC,CAAC,CAAC,CAAC,CAAC,CAAC,CAAC,CAAC,CAAC,CAAC,CAAC,CAAC,CAAC,CAAC,CAAC,CAAC,CAAC,CAAC,CAAC,CAAC,CAAC,CAAC,CAAC,CAAC,CAAC,CAAC,CAAC,CAAC,CAAC,CAAC,CAAC,CAAC,CAAC,CAAC,CAAC,CAAC,CAAC,CAAC,CAAC,CAAC,CAAC,CAAC,CAAC,CAAC,CAAC,CAAC,CAAC,CAAC,CAAC,CAAC,CAAC;AACnF,CAAC,CAAC,CAAC,CAAC,CAAC,CAAC,CAAC,CAAC,CAAC,CAAC,CAAC,CAAC,CAAC,CAAC,CAAC,CAAC,CAAC,CAAC,CAAC,CAAC,CAAC,CAAC,CAAC,CAAC,CAAC,CAAC,CAAC,CAAC,CAAC,CAAC,CAAC,CAAC,CAAC;AACjC,CAAC,CAAC,CAAC,CAAC,CAAC,CAAC,CAAC,CAAC,CAAC,CAAC,CAAC,CAAC,CAAC,CAAC,CAAC,CAAC,CAAC,CAAC,CAAC,CAAC,CAAC,CAAC,CAAC,CAAC,CAAC,CAAC,CAAC,CAAC,CAAC,CAAC,CAAC,CAAC,CAAC,CAAC,CAAC,CAAC,CAAC,CAAC,CAAC,CAAC,CAAC,CAAC,CAAC,CAAC;AAC5C,CAAC,CAAC,CAAC,CAAC,CAAC,CAAC,CAAC,CAAC,CAAC,CAAC,CAAC,CAAC,CAAC,CAAC,CAAC,CAAC,CAAC,CAAC,CAAC,CAAC,CAAC,CAAC,CAAC,CAAC,CAAC,CAAC,CAAC,CAAC,CAAC,CAAC,CAAC,CAAC,CAAC,CAAC,CAAC,CAAC,CAAC,CAAC,CAAC,CAAC,CAAC,CAAC,CAAC,CAAC,CAAC,CAAC,CAAC,CAAC,CAAC,CAAC,CAAC,CAAC,CAAC,CAAC,CAAC,CAAC,CAAC,CAAC,CAAC,CAAC,CAAC,CAAC,CAAC,CAAC,CAAC,CAAC,CAAC,CAAC,CAAC,CAAC,CAAC,CAAC,CAAC,CAAC,CAAC,CAAC,CAAC,CAAC,CAAC,CAAC,CAAC,CAAC,CAAC,CAAC,CAAC,CAAC,CAAC,CAAC,CAAC,CAAC,CAAC;AAC3F,CAAC,CAAC,CAAC,CAAC,CAAC,CAAC,CAAC,CAAC,CAAC,CAAC,CAAC,CAAC,CAAC,CAAC,CAAC,CAAC,CAAC,CAAC,CAAC,CAAC,CAAC,CAAC,CAAC,CAAC,CAAC,CAAC,CAAC,CAAC,CAAC,CAAC,CAAC,CAAC,CAAC,CAAC,CAAC,CAAC,CAAC,CAAC,CAAC,CAAC,CAAC,CAAC,CAAC,CAAC,CAAC,CAAC,CAAC,CAAC,CAAC,CAAC,CAAC,CAAC,CAAC,CAAC,CAAC,CAAC;AACxD,CAAC,CAAC,CAAC,CAAC,CAAC,CAAC,CAAC,CAAC,CAAC,CAAC,CAAC,CAAC,CAAC,CAAC,CAAC,CAAC,CAAC,CAAC,CAAC,CAAC,CAAC,CAAC,CAAC,CAAC,CAAC,CAAC,CAAC,CAAC,CAAC,CAAC,CAAC,CAAC,CAAC,CAAC,CAAC,CAAC,CAAC,CAAC,CAAC,CAAC,CAAC,CAAC,CAAC,CAAC,CAAC,CAAC,CAAC,CAAC,CAAC,CAAC,CAAC,CAAC,CAAC,CAAC,CAAC,CAAC,CAAC,CAAC,CAAC,CAAC,CAAC,CAAC,CAAC,CAAC,CAAC,CAAC,CAAC,CAAC;AACpE,CAAC,CAAC,CAAC,CAAC,CAAC,CAAC,CAAC,CAAC,CAAC;AACT;AACA,CAAC,CAAC,CAAC,CAAC,CAAC,CAAC,CAAC,CAAC,CAAC,CAAC,CAAC,CAAC,CAAC,CAAC,CAAC,CAAC,CAAC,CAAC,CAAC,CAAC,CAAC,CAAC,CAAC,CAAC,CAAC,CAAC,CAAC,CAAC,CAAC;AAC7B,CAAC,CAAC,CAAC,CAAC,CAAC,CAAC,CAAC,CAAC,CAAC,CAAC,CAAC,CAAC;AACZ,CAAC,CAAC,CAAC,CAAC,CAAC,CAAC,CAAC,CAAC,CAAC,CAAC,CAAC,CAAC,CAAC,CAAC,CAAC,CAAC,CAAC,CAAC,CAAC,CAAC,CAAC,CAAC,CAAC,CAAC,CAAC,CAAC,CAAC,CAAC,CAAC,CAAC,CAAC,CAAC,CAAC,CAAC,CAAC,CAAC,CAAC,CAAC,CAAC,CAAC,CAAC,CAAC;AAC1C,CAAC,CAAC,CAAC,CAAC,CAAC,CAAC,CAAC,CAAC,CAAC,CAAC,CAAC,CAAC,CAAC,CAAC,CAAC,CAAC,CAAC,CAAC,CAAC,CAAC,CAAC,CAAC,CAAC,CAAC,CAAC,CAAC,CAAC,CAAC,CAAC,CAAC,CAAC,CAAC,CAAC,CAAC,CAAC,CAAC,CAAC,CAAC,CAAC,CAAC,CAAC,CAAC,CAAC,CAAC,CAAC,CAAC,CAAC,CAAC,CAAC,CAAC,CAAC,CAAC,CAAC,CAAC,CAAC,CAAC,CAAC,CAAC,CAAC,CAAC;AAC5D,CAAC,CAAC,CAAC,CAAC,CAAC,CAAC,CAAC,CAAC;AACR;AACA,CAAC,CAAC,CAAC,CAAC,CAAC,CAAC,CAAC,CAAC,CAAC,CAAC,CAAC,CAAC,CAAC,CAAC,CAAC,CAAC,CAAC,CAAC,CAAC,CAAC,CAAC,CAAC,CAAC,CAAC,CAAC,CAAC,CAAC,CAAC,CAAC;AAC7B,CAAC,CAAC,CAAC,CAAC,CAAC;AACL,CAAC,CAAC,CAAC;AACH;AACA,CAAC,CAAC,CAAC,CAAC,CAAC,CAAC,CAAC,CAAC,CAAC,CAAC,CAAC,CAAC,CAAC,CAAC,CAAC,CAAC,CAAC,CAAC,CAAC,CAAC,CAAC,CAAC,CAAC,CAAC,CAAC,CAAC,CAAC,CAAC,CAAC,CAAC,CAAC,CAAC,CAAC,CAAC,CAAC,CAAC;AACpC,CAAC,CAAC,CAAC,CAAC,CAAC,CAAC,CAAC,CAAC,CAAC,CAAC,CAAC,CAAC,CAAC,CAAC,CAAC,CAAC,CAAC,CAAC,CAAC,CAAC,CAAC,CAAC,CAAC,CAAC,CAAC,CAAC,CAAC,CAAC,CAAC,CAAC,CAAC,CAAC,CAAC,CAAC,CAAC;AACnC,CAAC,CAAC,CAAC,CAAC,CAAC,CAAC,CAAC,CAAC,CAAC,CAAC,CAAC,CAAC,CAAC,CAAC,CAAC,CAAC,CAAC,CAAC,CAAC,CAAC,CAAC,CAAC,CAAC,CAAC,CAAC,CAAC,CAAC,CAAC,CAAC,CAAC,CAAC,CAAC,CAAC,CAAC,CAAC,CAAC,CAAC,CAAC,CAAC,CAAC,CAAC,CAAC,CAAC,CAAC,CAAC,CAAC,CAAC;AAC/C,CAAC,CAAC,CAAC,CAAC,CAAC,CAAC,CAAC,CAAC,CAAC,CAAC,CAAC,CAAC,CAAC,CAAC,CAAC,CAAC,CAAC,CAAC,CAAC,CAAC,CAAC,CAAC,CAAC,CAAC,CAAC,CAAC,CAAC,CAAC,CAAC,CAAC,CAAC,CAAC,CAAC,CAAC,CAAC,CAAC,CAAC,CAAC,CAAC,CAAC,CAAC,CAAC,CAAC;AAC3C,CAAC,CAAC,CAAC,CAAC,CAAC,CAAC,CAAC,CAAC,CAAC,CAAC,CAAC,CAAC,CAAC,CAAC,CAAC,CAAC,CAAC,CAAC,CAAC,CAAC,CAAC,CAAC,CAAC,CAAC,CAAC,CAAC,CAAC,CAAC,CAAC,CAAC,CAAC,CAAC,CAAC,CAAC,CAAC;AACnC;AACA,CAAC,CAAC,CAAC,CAAC,CAAC,CAAC,CAAC,CAAC,CAAC,CAAC,CAAC,CAAC,CAAC,CAAC,CAAC,CAAC,CAAC,CAAC,CAAC,CAAC,CAAC,CAAC,CAAC,CAAC,CAAC,CAAC,CAAC,CAAC,CAAC;AAC7B,CAAC,CAAC,CAAC,CAAC,CAAC,CAAC,CAAC,CAAC,CAAC,CAAC,CAAC,CAAC,CAAC,CAAC,CAAC,CAAC,CAAC,CAAC,CAAC,CAAC,CAAC,CAAC,CAAC,CAAC,CAAC,CAAC,CAAC,CAAC;AAC5B;AACA,CAAC,CAAC,CAAC,CAAC,CAAC,CAAC,CAAC,CAAC,CAAC,CAAC,CAAC,CAAC,CAAC,CAAC,CAAC,CAAC,CAAC,CAAC,CAAC,CAAC,CAAC,CAAC,CAAC,CAAC,CAAC,CAAC,CAAC,CAAC,CAAC,CAAC,CAAC,CAAC,CAAC,CAAC,CAAC,CAAC,CAAC,CAAC,CAAC,CAAC,CAAC;AACzC;AACA,CAAC,CAAC,CAAC,CAAC,CAAC,CAAC,CAAC,CAAC,CAAC,CAAC,CAAC,CAAC,CAAC,CAAC,CAAC,CAAC,CAAC,CAAC,CAAC,CAAC,CAAC,CAAC,CAAC,CAAC,CAAC,CAAC,CAAC,CAAC,CAAC,CAAC,CAAC,CAAC,CAAC,CAAC,CAAC;AACnC,CAAC,CAAC,CAAC,CAAC,CAAC,CAAC,CAAC,CAAC,CAAC,CAAC,CAAC,CAAC,CAAC,CAAC,CAAC,CAAC,CAAC,CAAC,CAAC,CAAC,CAAC,CAAC,CAAC,CAAC,CAAC,CAAC;AAC1B,CAAC,CAAC,CAAC,CAAC,CAAC,CAAC,CAAC,CAAC,CAAC,CAAC,CAAC,CAAC,CAAC,CAAC,CAAC,CAAC,CAAC,CAAC,CAAC,CAAC,CAAC,CAAC,CAAC,CAAC,CAAC,CAAC,CAAC,CAAC,CAAC,CAAC,CAAC;AAC/B,CAAC,CAAC,CAAC,CAAC,CAAC,CAAC,CAAC,CAAC,CAAC,CAAC,CAAC,CAAC,CAAC,CAAC,CAAC,CAAC,CAAC,CAAC,CAAC;AACnB,CAAC,CAAC,CAAC;AACH;AACA,CAAC,CAAC,CAAC,CAAC,CAAC,CAAC,CAAC,CAAC,CAAC,CAAC,CAAC,CAAC,CAAC,CAAC,CAAC,CAAC,CAAC,CAAC,CAAC,CAAC,CAAC,CAAC,CAAC;AACvB,CAAC,CAAC,CAAC,CAAC,CAAC,CAAC,CAAC,CAAC,CAAC,CAAC,CAAC,CAAC,CAAC,CAAC,CAAC,CAAC,CAAC,CAAC,CAAC,CAAC,CAAC,CAAC,CAAC,CAAC,CAAC,CAAC,CAAC,CAAC,CAAC,CAAC,CAAC,CAAC,CAAC;AACjC,CAAC,CAAC,CAAC,CAAC,CAAC,CAAC,CAAC,CAAC,CAAC,CAAC,CAAC,CAAC,CAAC,CAAC,CAAC,CAAC,CAAC,CAAC,CAAC,CAAC,CAAC,CAAC,CAAC,CAAC,CAAC,CAAC,CAAC,CAAC,CAAC,CAAC,CAAC,CAAC,CAAC,CAAC,CAAC,CAAC,CAAC,CAAC,CAAC;AACvC,CAAC,CAAC,CAAC,CAAC,CAAC,CAAC,CAAC,CAAC,CAAC,CAAC,CAAC,CAAC,CAAC,CAAC,CAAC,CAAC,CAAC,CAAC,CAAC,CAAC,CAAC,CAAC;AACtB,CAAC,CAAC,CAAC;AACH;AACA,CAAC,CAAC,CAAC,CAAC,CAAC,CAAC,CAAC,CAAC,CAAC,CAAC;AACV,CAAC,CAAC,CAAC,CAAC,CAAC,CAAC,CAAC,CAAC,CAAC,CAAC,CAAC,CAAC,CAAC,CAAC,CAAC;AACf,CAAC,CAAC,CAAC,CAAC,CAAC,CAAC,CAAC,CAAC,CAAC,CAAC,CAAC,CAAC,CAAC,CAAC,CAAC,CAAC,CAAC,CAAC;AAClB,CAAC,CAAC,CAAC,CAAC,CAAC,CAAC,CAAC,CAAC,CAAC,CAAC,CAAC,CAAC,CAAC,CAAC,CAAC,CAAC,CAAC,CAAC;AAClB,CAAC,CAAC,CAAC,CAAC,CAAC,CAAC,CAAC,CAAC,CAAC,CAAC,CAAC,CAAC,CAAC,CAAC,CAAC,CAAC,CAAC,CAAC,CAAC,CAAC,CAAC;AACrB,CAAC,CAAC,CAAC,CAAC,CAAC,CAAC,CAAC,CAAC,CAAC,CAAC,CAAC,CAAC,CAAC,CAAC,CAAC,CAAC,CAAC,CAAC,CAAC,CAAC,CAAC;AACrB,CAAC,CAAC,CAAC,CAAC,CAAC,CAAC,CAAC,CAAC,CAAC,CAAC,CAAC,CAAC,CAAC,CAAC,CAAC,CAAC,CAAC;AACjB,CAAC,CAAC,CAAC,CAAC,CAAC,CAAC,CAAC,CAAC,CAAC,CAAC,CAAC,CAAC,CAAC,CAAC,CAAC,CAAC,CAAC,CAAC;AAClB,CAAC,CAAC,CAAC,CAAC,CAAC,CAAC,CAAC,CAAC,CAAC,CAAC,CAAC,CAAC;AACZ,CAAC,CAAC,CAAC,CAAC,CAAC,CAAC,CAAC,CAAC,CAAC,CAAC;AACV,CAAC,CAAC,CAAC,CAAC;AACJ,CAAC,CAAC,CAAC;"
    },
    "_coverageSchema": "1a1c01bbd47fc00a2c39e90264f33305004495a9",
    "hash": "62fcbca65a703bcb4d6c3220d779a5c26f04e853"
  },
  "/home/tdupont/fresnoy/kartel-vue/src/components/ui/UiSearch.vue": {
    "path": "/home/tdupont/fresnoy/kartel-vue/src/components/ui/UiSearch.vue",
    "statementMap": {
      "0": {
        "start": {
          "line": 9,
          "column": 18
        },
        "end": {
          "line": 118,
          "column": 1
        }
      },
      "1": {
        "start": {
          "line": 12,
          "column": 2
        },
        "end": {
          "line": 12,
          "column": 11
        }
      },
      "2": {
        "start": {
          "line": 14,
          "column": 17
        },
        "end": {
          "line": 14,
          "column": 31
        }
      },
      "3": {
        "start": {
          "line": 16,
          "column": 12
        },
        "end": {
          "line": 16,
          "column": 17
        }
      },
      "4": {
        "start": {
          "line": 18,
          "column": 13
        },
        "end": {
          "line": 27,
          "column": 2
        }
      },
      "5": {
        "start": {
          "line": 29,
          "column": 15
        },
        "end": {
          "line": 29,
          "column": 22
        }
      },
      "6": {
        "start": {
          "line": 30,
          "column": 15
        },
        "end": {
          "line": 30,
          "column": 22
        }
      },
      "7": {
        "start": {
          "line": 35,
          "column": 2
        },
        "end": {
          "line": 52,
          "column": 3
        }
      },
      "8": {
        "start": {
          "line": 36,
          "column": 16
        },
        "end": {
          "line": 36,
          "column": 55
        }
      },
      "9": {
        "start": {
          "line": 37,
          "column": 4
        },
        "end": {
          "line": 39,
          "column": 5
        }
      },
      "10": {
        "start": {
          "line": 38,
          "column": 6
        },
        "end": {
          "line": 38,
          "column": 19
        }
      },
      "11": {
        "start": {
          "line": 41,
          "column": 4
        },
        "end": {
          "line": 49,
          "column": 5
        }
      },
      "12": {
        "start": {
          "line": 42,
          "column": 6
        },
        "end": {
          "line": 46,
          "column": 7
        }
      },
      "13": {
        "start": {
          "line": 43,
          "column": 8
        },
        "end": {
          "line": 43,
          "column": 21
        }
      },
      "14": {
        "start": {
          "line": 45,
          "column": 8
        },
        "end": {
          "line": 45,
          "column": 21
        }
      },
      "15": {
        "start": {
          "line": 48,
          "column": 6
        },
        "end": {
          "line": 48,
          "column": 18
        }
      },
      "16": {
        "start": {
          "line": 51,
          "column": 4
        },
        "end": {
          "line": 51,
          "column": 16
        }
      },
      "17": {
        "start": {
          "line": 57,
          "column": 2
        },
        "end": {
          "line": 64,
          "column": 3
        }
      },
      "18": {
        "start": {
          "line": 58,
          "column": 4
        },
        "end": {
          "line": 58,
          "column": 24
        }
      },
      "19": {
        "start": {
          "line": 61,
          "column": 4
        },
        "end": {
          "line": 61,
          "column": 24
        }
      },
      "20": {
        "start": {
          "line": 63,
          "column": 4
        },
        "end": {
          "line": 63,
          "column": 11
        }
      },
      "21": {
        "start": {
          "line": 69,
          "column": 19
        },
        "end": {
          "line": 71,
          "column": 5
        }
      },
      "22": {
        "start": {
          "line": 72,
          "column": 15
        },
        "end": {
          "line": 72,
          "column": 36
        }
      },
      "23": {
        "start": {
          "line": 74,
          "column": 15
        },
        "end": {
          "line": 74,
          "column": 17
        }
      },
      "24": {
        "start": {
          "line": 76,
          "column": 4
        },
        "end": {
          "line": 78,
          "column": 5
        }
      },
      "25": {
        "start": {
          "line": 77,
          "column": 6
        },
        "end": {
          "line": 77,
          "column": 44
        }
      },
      "26": {
        "start": {
          "line": 80,
          "column": 21
        },
        "end": {
          "line": 80,
          "column": 46
        }
      },
      "27": {
        "start": {
          "line": 82,
          "column": 4
        },
        "end": {
          "line": 82,
          "column": 24
        }
      },
      "28": {
        "start": {
          "line": 83,
          "column": 4
        },
        "end": {
          "line": 90,
          "column": 7
        }
      },
      "29": {
        "start": {
          "line": 84,
          "column": 19
        },
        "end": {
          "line": 87,
          "column": 7
        }
      },
      "30": {
        "start": {
          "line": 89,
          "column": 6
        },
        "end": {
          "line": 89,
          "column": 36
        }
      },
      "31": {
        "start": {
          "line": 92,
          "column": 4
        },
        "end": {
          "line": 94,
          "column": 7
        }
      },
      "32": {
        "start": {
          "line": 93,
          "column": 6
        },
        "end": {
          "line": 93,
          "column": 72
        }
      },
      "33": {
        "start": {
          "line": 96,
          "column": 2
        },
        "end": {
          "line": 96,
          "column": 24
        }
      },
      "34": {
        "start": {
          "line": 99,
          "column": 19
        },
        "end": {
          "line": 101,
          "column": 5
        }
      },
      "35": {
        "start": {
          "line": 102,
          "column": 15
        },
        "end": {
          "line": 102,
          "column": 36
        }
      },
      "36": {
        "start": {
          "line": 104,
          "column": 4
        },
        "end": {
          "line": 104,
          "column": 26
        }
      },
      "37": {
        "start": {
          "line": 106,
          "column": 2
        },
        "end": {
          "line": 106,
          "column": 24
        }
      },
      "38": {
        "start": {
          "line": 113,
          "column": 21
        },
        "end": {
          "line": 113,
          "column": 425
        }
      },
      "39": {
        "start": {
          "line": 113,
          "column": 47
        },
        "end": {
          "line": 113,
          "column": 59
        }
      },
      "40": {
        "start": {
          "line": 113,
          "column": 78
        },
        "end": {
          "line": 113,
          "column": 87
        }
      },
      "41": {
        "start": {
          "line": 113,
          "column": 106
        },
        "end": {
          "line": 113,
          "column": 119
        }
      },
      "42": {
        "start": {
          "line": 113,
          "column": 139
        },
        "end": {
          "line": 113,
          "column": 149
        }
      },
      "43": {
        "start": {
          "line": 113,
          "column": 170
        },
        "end": {
          "line": 113,
          "column": 185
        }
      },
      "44": {
        "start": {
          "line": 113,
          "column": 207
        },
        "end": {
          "line": 113,
          "column": 219
        }
      },
      "45": {
        "start": {
          "line": 113,
          "column": 240
        },
        "end": {
          "line": 113,
          "column": 255
        }
      },
      "46": {
        "start": {
          "line": 113,
          "column": 277
        },
        "end": {
          "line": 113,
          "column": 289
        }
      },
      "47": {
        "start": {
          "line": 113,
          "column": 329
        },
        "end": {
          "line": 113,
          "column": 342
        }
      },
      "48": {
        "start": {
          "line": 113,
          "column": 365
        },
        "end": {
          "line": 113,
          "column": 377
        }
      },
      "49": {
        "start": {
          "line": 113,
          "column": 402
        },
        "end": {
          "line": 113,
          "column": 421
        }
      },
      "50": {
        "start": {
          "line": 114,
          "column": 0
        },
        "end": {
          "line": 114,
          "column": 90
        }
      },
      "51": {
        "start": {
          "line": 115,
          "column": 0
        },
        "end": {
          "line": 115,
          "column": 19
        }
      },
      "52": {
        "start": {
          "line": 121,
          "column": 19
        },
        "end": {
          "line": 121,
          "column": 67
        }
      },
      "53": {
        "start": {
          "line": 122,
          "column": 19
        },
        "end": {
          "line": 125,
          "column": 1
        }
      },
      "54": {
        "start": {
          "line": 126,
          "column": 32
        },
        "end": {
          "line": 126,
          "column": 131
        }
      },
      "55": {
        "start": {
          "line": 127,
          "column": 32
        },
        "end": {
          "line": 127,
          "column": 146
        }
      },
      "56": {
        "start": {
          "line": 128,
          "column": 19
        },
        "end": {
          "line": 131,
          "column": 1
        }
      },
      "57": {
        "start": {
          "line": 132,
          "column": 19
        },
        "end": {
          "line": 135,
          "column": 1
        }
      },
      "58": {
        "start": {
          "line": 136,
          "column": 32
        },
        "end": {
          "line": 136,
          "column": 110
        }
      },
      "59": {
        "start": {
          "line": 137,
          "column": 32
        },
        "end": {
          "line": 137,
          "column": 132
        }
      },
      "60": {
        "start": {
          "line": 138,
          "column": 19
        },
        "end": {
          "line": 138,
          "column": 76
        }
      },
      "61": {
        "start": {
          "line": 139,
          "column": 20
        },
        "end": {
          "line": 139,
          "column": 52
        }
      },
      "62": {
        "start": {
          "line": 140,
          "column": 20
        },
        "end": {
          "line": 140,
          "column": 54
        }
      },
      "63": {
        "start": {
          "line": 141,
          "column": 33
        },
        "end": {
          "line": 141,
          "column": 131
        }
      },
      "64": {
        "start": {
          "line": 144,
          "column": 33
        },
        "end": {
          "line": 144,
          "column": 65
        }
      },
      "65": {
        "start": {
          "line": 146,
          "column": 2
        },
        "end": {
          "line": 250,
          "column": 5
        }
      },
      "66": {
        "start": {
          "line": 149,
          "column": 68
        },
        "end": {
          "line": 149,
          "column": 91
        }
      },
      "67": {
        "start": {
          "line": 150,
          "column": 54
        },
        "end": {
          "line": 150,
          "column": 81
        }
      },
      "68": {
        "start": {
          "line": 151,
          "column": 56
        },
        "end": {
          "line": 151,
          "column": 113
        }
      },
      "69": {
        "start": {
          "line": 153,
          "column": 10
        },
        "end": {
          "line": 154,
          "column": 82
        }
      },
      "70": {
        "start": {
          "line": 167,
          "column": 56
        },
        "end": {
          "line": 167,
          "column": 85
        }
      },
      "71": {
        "start": {
          "line": 169,
          "column": 8
        },
        "end": {
          "line": 170,
          "column": 77
        }
      },
      "72": {
        "start": {
          "line": 201,
          "column": 12
        },
        "end": {
          "line": 217,
          "column": 15
        }
      },
      "73": {
        "start": {
          "line": 206,
          "column": 40
        },
        "end": {
          "line": 214,
          "column": 17
        }
      },
      "74": {
        "start": {
          "line": 221,
          "column": 10
        },
        "end": {
          "line": 245,
          "column": 28
        }
      },
      "75": {
        "start": {
          "line": 231,
          "column": 16
        },
        "end": {
          "line": 242,
          "column": 19
        }
      },
      "76": {
        "start": {
          "line": 236,
          "column": 44
        },
        "end": {
          "line": 239,
          "column": 21
        }
      }
    },
    "fnMap": {
      "0": {
        "name": "(anonymous_0)",
        "decl": {
          "start": {
            "line": 11,
            "column": 2
          },
          "end": {
            "line": 11,
            "column": 3
          }
        },
        "loc": {
          "start": {
            "line": 11,
            "column": 29
          },
          "end": {
            "line": 116,
            "column": 1
          }
        },
        "line": 11
      },
      "1": {
        "name": "hiddenInput",
        "decl": {
          "start": {
            "line": 34,
            "column": 9
          },
          "end": {
            "line": 34,
            "column": 20
          }
        },
        "loc": {
          "start": {
            "line": 34,
            "column": 23
          },
          "end": {
            "line": 53,
            "column": 1
          }
        },
        "line": 34
      },
      "2": {
        "name": "search",
        "decl": {
          "start": {
            "line": 56,
            "column": 9
          },
          "end": {
            "line": 56,
            "column": 15
          }
        },
        "loc": {
          "start": {
            "line": 56,
            "column": 23
          },
          "end": {
            "line": 107,
            "column": 1
          }
        },
        "line": 56
      },
      "3": {
        "name": "searchArtworks",
        "decl": {
          "start": {
            "line": 68,
            "column": 17
          },
          "end": {
            "line": 68,
            "column": 31
          }
        },
        "loc": {
          "start": {
            "line": 68,
            "column": 39
          },
          "end": {
            "line": 95,
            "column": 3
          }
        },
        "line": 68
      },
      "4": {
        "name": "(anonymous_4)",
        "decl": {
          "start": {
            "line": 83,
            "column": 23
          },
          "end": {
            "line": 83,
            "column": 24
          }
        },
        "loc": {
          "start": {
            "line": 83,
            "column": 33
          },
          "end": {
            "line": 90,
            "column": 5
          }
        },
        "line": 83
      },
      "5": {
        "name": "(anonymous_5)",
        "decl": {
          "start": {
            "line": 92,
            "column": 17
          },
          "end": {
            "line": 92,
            "column": 18
          }
        },
        "loc": {
          "start": {
            "line": 92,
            "column": 30
          },
          "end": {
            "line": 94,
            "column": 5
          }
        },
        "line": 92
      },
      "6": {
        "name": "searchStudents",
        "decl": {
          "start": {
            "line": 98,
            "column": 17
          },
          "end": {
            "line": 98,
            "column": 31
          }
        },
        "loc": {
          "start": {
            "line": 98,
            "column": 39
          },
          "end": {
            "line": 105,
            "column": 3
          }
        },
        "line": 98
      },
      "7": {
        "name": "(anonymous_7)",
        "decl": {
          "start": {
            "line": 113,
            "column": 33
          },
          "end": {
            "line": 113,
            "column": 34
          }
        },
        "loc": {
          "start": {
            "line": 113,
            "column": 45
          },
          "end": {
            "line": 113,
            "column": 61
          }
        },
        "line": 113
      },
      "8": {
        "name": "(anonymous_8)",
        "decl": {
          "start": {
            "line": 113,
            "column": 63
          },
          "end": {
            "line": 113,
            "column": 64
          }
        },
        "loc": {
          "start": {
            "line": 113,
            "column": 76
          },
          "end": {
            "line": 113,
            "column": 89
          }
        },
        "line": 113
      },
      "9": {
        "name": "(anonymous_9)",
        "decl": {
          "start": {
            "line": 113,
            "column": 91
          },
          "end": {
            "line": 113,
            "column": 92
          }
        },
        "loc": {
          "start": {
            "line": 113,
            "column": 104
          },
          "end": {
            "line": 113,
            "column": 121
          }
        },
        "line": 113
      },
      "10": {
        "name": "(anonymous_10)",
        "decl": {
          "start": {
            "line": 113,
            "column": 123
          },
          "end": {
            "line": 113,
            "column": 124
          }
        },
        "loc": {
          "start": {
            "line": 113,
            "column": 137
          },
          "end": {
            "line": 113,
            "column": 151
          }
        },
        "line": 113
      },
      "11": {
        "name": "(anonymous_11)",
        "decl": {
          "start": {
            "line": 113,
            "column": 153
          },
          "end": {
            "line": 113,
            "column": 154
          }
        },
        "loc": {
          "start": {
            "line": 113,
            "column": 168
          },
          "end": {
            "line": 113,
            "column": 187
          }
        },
        "line": 113
      },
      "12": {
        "name": "(anonymous_12)",
        "decl": {
          "start": {
            "line": 113,
            "column": 189
          },
          "end": {
            "line": 113,
            "column": 190
          }
        },
        "loc": {
          "start": {
            "line": 113,
            "column": 205
          },
          "end": {
            "line": 113,
            "column": 221
          }
        },
        "line": 113
      },
      "13": {
        "name": "(anonymous_13)",
        "decl": {
[...]
        "decl": {
          "start": {
            "line": 30,
            "column": 9
          },
          "end": {
            "line": 30,
            "column": 20
          }
        },
        "loc": {
          "start": {
            "line": 30,
            "column": 68
          },
          "end": {
            "line": 84,
            "column": 1
          }
        },
        "line": 30
      }
    },
    "branchMap": {
      "0": {
        "loc": {
          "start": {
            "line": 32,
            "column": 4
          },
          "end": {
            "line": 40,
            "column": 41
          }
        },
        "type": "cond-expr",
        "locations": [
          {
            "start": {
              "line": 33,
              "column": 9
            },
            "end": {
              "line": 39,
              "column": 63
            }
          },
          {
            "start": {
              "line": 40,
              "column": 8
            },
            "end": {
              "line": 40,
              "column": 41
            }
          }
        ],
        "line": 32
      },
      "1": {
        "loc": {
          "start": {
            "line": 41,
            "column": 4
          },
          "end": {
            "line": 81,
            "column": 49
          }
        },
        "type": "cond-expr",
        "locations": [
          {
            "start": {
              "line": 42,
              "column": 9
            },
            "end": {
              "line": 48,
              "column": 63
            }
          },
          {
            "start": {
              "line": 49,
              "column": 8
            },
            "end": {
              "line": 81,
              "column": 49
            }
          }
        ],
        "line": 41
      },
      "2": {
        "loc": {
          "start": {
            "line": 49,
            "column": 8
          },
          "end": {
            "line": 81,
            "column": 49
          }
        },
        "type": "cond-expr",
        "locations": [
          {
            "start": {
              "line": 50,
              "column": 11
            },
            "end": {
              "line": 56,
              "column": 65
            }
          },
          {
            "start": {
              "line": 57,
              "column": 10
            },
            "end": {
              "line": 81,
              "column": 49
            }
          }
        ],
        "line": 49
      },
      "3": {
        "loc": {
          "start": {
            "line": 57,
            "column": 10
          },
          "end": {
            "line": 81,
            "column": 49
          }
        },
        "type": "cond-expr",
        "locations": [
          {
            "start": {
              "line": 58,
              "column": 13
            },
            "end": {
              "line": 64,
              "column": 67
            }
          },
          {
            "start": {
              "line": 65,
              "column": 12
            },
            "end": {
              "line": 81,
              "column": 49
            }
          }
        ],
        "line": 57
      },
      "4": {
        "loc": {
          "start": {
            "line": 65,
            "column": 12
          },
          "end": {
            "line": 81,
            "column": 49
          }
        },
        "type": "cond-expr",
        "locations": [
          {
            "start": {
              "line": 66,
              "column": 15
            },
            "end": {
              "line": 72,
              "column": 69
            }
          },
          {
            "start": {
              "line": 73,
              "column": 14
            },
            "end": {
              "line": 81,
              "column": 49
            }
          }
        ],
        "line": 65
      },
      "5": {
        "loc": {
          "start": {
            "line": 73,
            "column": 14
          },
          "end": {
            "line": 81,
            "column": 49
          }
        },
        "type": "cond-expr",
        "locations": [
          {
            "start": {
              "line": 74,
              "column": 17
            },
            "end": {
              "line": 80,
              "column": 71
            }
          },
          {
            "start": {
              "line": 81,
              "column": 16
            },
            "end": {
              "line": 81,
              "column": 49
            }
          }
        ],
        "line": 73
      },
      "6": {
        "loc": {
          "start": {
            "line": 73,
            "column": 15
          },
          "end": {
            "line": 73,
            "column": 54
          }
        },
        "type": "binary-expr",
        "locations": [
          {
            "start": {
              "line": 73,
              "column": 15
            },
            "end": {
              "line": 73,
              "column": 34
            }
          },
          {
            "start": {
              "line": 73,
              "column": 38
            },
            "end": {
              "line": 73,
              "column": 54
            }
          }
        ],
        "line": 73
      }
    },
    "s": {
      "0": 49,
      "1": 189,
      "2": 189,
      "3": 189,
      "4": 189,
      "5": 49,
      "6": 189
    },
    "f": {
      "0": 189,
      "1": 189
    },
    "b": {
      "0": [
        49,
        140
      ],
      "1": [
        42,
        147
      ],
      "2": [
        35,
        112
      ],
      "3": [
        28,
        84
      ],
      "4": [
        21,
        63
      ],
      "5": [
        14,
        49
      ],
      "6": [
        63,
        49
      ]
    },
    "inputSourceMap": {
      "version": 3,
      "names": [],
      "sources": [
        "/home/tdupont/fresnoy/kartel-vue/src/components/ui/UnderlineTitle.vue"
      ],
      "mappings": ";;;;;;;;;;;;;;;;AAAc;AAYX;;;;;;;;;;qBAII,KAAK,EAAC,+BAA+B;;;wBAA1C,oBAgEM,OAhEN,UAgEM;KA9DI,eAAQ;uBADhB,oBASK;;UAPH,KAAK,mBAAC,8EAA8E;qBACrD,oBAAa;qBAA6B,oBAAa;;4BAKnF,YAAK;;KAGF,eAAQ;uBADhB,oBASK;;UAPH,KAAK,mBAAC,8EAA8E;qBACrD,oBAAa;qBAA6B,oBAAa;;4BAKnF,YAAK;SAGG,eAAQ;yBADrB,oBASK;;YAPH,KAAK,mBAAC,6EAA6E;qBACpD,oBAAa;qBAA6B,oBAAa;;8BAKnF,YAAK;WAGG,eAAQ;2BADrB,oBASK;;cAPH,KAAK,mBAAC,6EAA6E;qBACpD,oBAAa;qBAA6B,oBAAa;;gCAKnF,YAAK;aAGG,eAAQ;6BADrB,oBASK;;gBAPH,KAAK,mBAAC,+EAA+E;qBACtD,oBAAa;qBAA6B,oBAAa;;kCAKnF,YAAK;eAGG,eAAQ,SAAS,eAAQ;+BADtC,oBASK;;kBAPH,KAAK,mBAAC,6EAA6E;qBACpD,oBAAa;qBAA6B,oBAAa;;oCAKnF,YAAK;;IAEV,uIAES"
    },
    "_coverageSchema": "1a1c01bbd47fc00a2c39e90264f33305004495a9",
    "hash": "e097a0af7afd012be265226ba71ece25164325f4"
  },
  "/home/tdupont/fresnoy/kartel-vue/src/components/__tests__/unit/UnitExample.js": {
    "path": "/home/tdupont/fresnoy/kartel-vue/src/components/__tests__/unit/UnitExample.js",
    "statementMap": {
      "0": {
        "start": {
          "line": 3,
          "column": 12
        },
        "end": {
          "line": 3,
          "column": 17
        }
      },
      "1": {
        "start": {
          "line": 6,
          "column": 2
        },
        "end": {
          "line": 6,
          "column": 22
        }
      },
      "2": {
        "start": {
          "line": 7,
          "column": 2
        },
        "end": {
          "line": 7,
          "column": 15
        }
      }
    },
    "fnMap": {
      "0": {
        "name": "sum",
        "decl": {
          "start": {
            "line": 5,
            "column": 9
          },
          "end": {
            "line": 5,
            "column": 12
          }
        },
        "loc": {
          "start": {
            "line": 5,
            "column": 19
          },
          "end": {
            "line": 8,
            "column": 1
          }
        },
        "line": 5
      }
    },
    "branchMap": {},
    "s": {
      "0": 18,
      "1": 18,
      "2": 18
    },
    "f": {
      "0": 18
    },
    "b": {},
    "inputSourceMap": {
      "version": 3,
      "file": null,
      "sources": [
        "/home/tdupont/fresnoy/kartel-vue/src/components/__tests__/unit/UnitExample.js"
      ],
      "names": [],
      "mappings": "AAAA,CAAC,CAAC,CAAC,CAAC,CAAC,CAAC,CAAC,CAAC,CAAC,CAAC,CAAC,CAAC,CAAC,CAAC,CAAC,CAAC,CAAC,CAAC,CAAC,CAAC,CAAC,CAAC,CAAC,CAAC,CAAC,CAAC;AAC1B;AACA,CAAC,CAAC,CAAC,CAAC,CAAC,CAAC,CAAC,CAAC,CAAC,CAAC,CAAC,CAAC,CAAC,CAAC,CAAC,CAAC,CAAC,CAAC;AAClB;AACA,CAAC,CAAC,CAAC,CAAC,CAAC,CAAC,CAAC,CAAC,CAAC,CAAC,CAAC,CAAC,CAAC,CAAC,CAAC,CAAC,CAAC,CAAC,CAAC,CAAC;AACpB,CAAC,CAAC,CAAC,CAAC,CAAC,CAAC,CAAC,CAAC,CAAC,CAAC,CAAC,CAAC,CAAC,CAAC,CAAC,CAAC,CAAC,CAAC,CAAC,CAAC,CAAC,CAAC;AACtB,CAAC,CAAC,CAAC,CAAC,CAAC,CAAC,CAAC,CAAC,CAAC,CAAC,CAAC,CAAC,CAAC,CAAC,CAAC;AACf,CAAC;AACD;AACA,CAAC,CAAC,CAAC,CAAC,CAAC,CAAC,CAAC,CAAC,CAAC,CAAC,CAAC,CAAC,CAAC,CAAC,CAAC,CAAC,CAAC,CAAC,CAAC,CAAC,CAAC,CAAC;"
    },
    "_coverageSchema": "1a1c01bbd47fc00a2c39e90264f33305004495a9",
    "hash": "2ae449ae31711ca3d12daf83bc565f1b4336995d"
  },
  "/home/tdupont/fresnoy/kartel-vue/src/components/__tests__/unit/UnitExample.vue": {
    "path": "/home/tdupont/fresnoy/kartel-vue/src/components/__tests__/unit/UnitExample.vue",
    "statementMap": {
      "0": {
        "start": {
          "line": 4,
          "column": 18
        },
        "end": {
          "line": 33,
          "column": 1
        }
      },
      "1": {
        "start": {
          "line": 11,
          "column": 15
        },
        "end": {
          "line": 11,
          "column": 31
        }
      },
      "2": {
        "start": {
          "line": 13,
          "column": 15
        },
        "end": {
          "line": 15,
          "column": 2
        }
      },
      "3": {
        "start": {
          "line": 18,
          "column": 2
        },
        "end": {
          "line": 18,
          "column": 24
        }
      },
      "4": {
        "start": {
          "line": 22,
          "column": 2
        },
        "end": {
          "line": 22,
          "column": 16
        }
      },
      "5": {
        "start": {
          "line": 26,
          "column": 0
        },
        "end": {
          "line": 26,
          "column": 41
        }
      },
      "6": {
        "start": {
          "line": 28,
          "column": 21
        },
        "end": {
          "line": 28,
          "column": 239
        }
      },
      "7": {
        "start": {
          "line": 28,
          "column": 40
        },
        "end": {
          "line": 28,
          "column": 55
        }
      },
      "8": {
        "start": {
          "line": 28,
          "column": 77
        },
        "end": {
          "line": 28,
          "column": 89
        }
      },
      "9": {
        "start": {
          "line": 28,
          "column": 110
        },
        "end": {
          "line": 28,
          "column": 125
        }
      },
      "10": {
        "start": {
          "line": 28,
          "column": 147
        },
        "end": {
          "line": 28,
          "column": 159
        }
      },
      "11": {
        "start": {
          "line": 28,
          "column": 195
        },
        "end": {
          "line": 28,
          "column": 205
        }
      },
      "12": {
        "start": {
          "line": 28,
          "column": 223
        },
        "end": {
          "line": 28,
          "column": 235
        }
      },
      "13": {
        "start": {
          "line": 29,
          "column": 0
        },
        "end": {
          "line": 29,
          "column": 90
        }
      },
      "14": {
        "start": {
          "line": 30,
          "column": 0
        },
        "end": {
          "line": 30,
          "column": 19
        }
      },
      "15": {
        "start": {
          "line": 36,
          "column": 19
        },
        "end": {
          "line": 36,
          "column": 35
        }
      },
      "16": {
        "start": {
          "line": 37,
          "column": 19
        },
        "end": {
          "line": 37,
          "column": 61
        }
      },
      "17": {
        "start": {
          "line": 40,
          "column": 2
        },
        "end": {
          "line": 47,
          "column": 5
        }
      }
    },
    "fnMap": {
      "0": {
        "name": "(anonymous_0)",
        "decl": {
          "start": {
            "line": 7,
            "column": 2
          },
          "end": {
            "line": 7,
            "column": 3
          }
        },
        "loc": {
          "start": {
            "line": 7,
            "column": 29
          },
          "end": {
            "line": 31,
            "column": 1
          }
        },
        "line": 7
      },
      "1": {
        "name": "test",
        "decl": {
          "start": {
            "line": 17,
            "column": 9
          },
          "end": {
            "line": 17,
            "column": 13
          }
        },
        "loc": {
          "start": {
            "line": 17,
            "column": 16
          },
          "end": {
            "line": 19,
            "column": 1
          }
        },
        "line": 17
      },
      "2": {
        "name": "returnString",
        "decl": {
          "start": {
            "line": 21,
            "column": 9
          },
          "end": {
            "line": 21,
            "column": 21
          }
        },
        "loc": {
          "start": {
            "line": 21,
            "column": 30
          },
          "end": {
            "line": 23,
            "column": 1
          }
        },
        "line": 21
      },
      "3": {
        "name": "(anonymous_3)",
        "decl": {
          "start": {
            "line": 28,
            "column": 23
          },
          "end": {
            "line": 28,
            "column": 24
          }
        },
        "loc": {
          "start": {
            "line": 28,
            "column": 38
          },
          "end": {
            "line": 28,
            "column": 57
          }
        },
        "line": 28
      },
      "4": {
        "name": "(anonymous_4)",
        "decl": {
          "start": {
            "line": 28,
            "column": 59
          },
          "end": {
            "line": 28,
            "column": 60
          }
        },
        "loc": {
          "start": {
            "line": 28,
            "column": 75
          },
          "end": {
            "line": 28,
            "column": 91
          }
        },
        "line": 28
      },
      "5": {
        "name": "(anonymous_5)",
        "decl": {
          "start": {
            "line": 28,
            "column": 93
          },
          "end": {
            "line": 28,
            "column": 94
          }
        },
        "loc": {
          "start": {
            "line": 28,
            "column": 108
          },
          "end": {
            "line": 28,
            "column": 127
          }
        },
        "line": 28
      },
      "6": {
        "name": "(anonymous_6)",
        "decl": {
          "start": {
            "line": 28,
            "column": 129
          },
          "end": {
            "line": 28,
            "column": 130
          }
        },
        "loc": {
          "start": {
            "line": 28,
            "column": 145
          },
          "end": {
            "line": 28,
            "column": 161
          }
        },
        "line": 28
      },
      "7": {
        "name": "(anonymous_7)",
        "decl": {
          "start": {
            "line": 28,
            "column": 183
          },
          "end": {
            "line": 28,
            "column": 184
          }
        },
        "loc": {
          "start": {
            "line": 28,
            "column": 193
          },
          "end": {
            "line": 28,
            "column": 207
          }
        },
        "line": 28
      },
      "8": {
        "name": "(anonymous_8)",
        "decl": {
          "start": {
            "line": 28,
            "column": 209
          },
          "end": {
            "line": 28,
            "column": 210
          }
        },
        "loc": {
          "start": {
            "line": 28,
            "column": 221
          },
          "end": {
            "line": 28,
            "column": 237
          }
        },
        "line": 28
      },
      "9": {
        "name": "_sfc_render",
        "decl": {
          "start": {
            "line": 39,
            "column": 9
          },
          "end": {
            "line": 39,
            "column": 20
          }
        },
        "loc": {
          "start": {
            "line": 39,
            "column": 68
          },
          "end": {
            "line": 48,
            "column": 1
          }
        },
        "line": 39
      }
    },
    "branchMap": {},
    "s": {
      "0": 18,
      "1": 12,
      "2": 12,
      "3": 0,
      "4": 0,
      "5": 0,
      "6": 0,
      "7": 0,
      "8": 0,
      "9": 0,
      "10": 0,
      "11": 0,
      "12": 0,
      "13": 0,
      "14": 0,
      "15": 18,
      "16": 18,
      "17": 12
    },
    "f": {
      "0": 12,
      "1": 0,
      "2": 0,
      "3": 0,
      "4": 0,
      "5": 0,
      "6": 0,
      "7": 0,
      "8": 0,
      "9": 12
    },
    "b": {},
    "inputSourceMap": {
      "version": 3,
      "names": [],
      "sources": [
        "/home/tdupont/fresnoy/kartel-vue/src/components/__tests__/unit/UnitExample.vue"
      ],
      "mappings": "AACA,CAAC,CAAC,CAAC,CAAC,CAAC,CAAC,CAAC,CAAC,CAAC,CAAC,CAAC,CAAC,CAAC,CAAC,CAAC,CAAC,CAAC,CAAC,CAAC,CAAC,CAAC,CAAC,CAAC,CAAC,CAAC,CAAC,CAAC,CAAC,CAAC,CAAC,CAAC,CAAC,CAAC,CAAC,CAAC,CAAC,CAAC,CAAC,CAAC,CAAC,CAAC,CAAC,CAAC,CAAC,CAAC,CAAC;AAC9C;;;;;;AAFc;AAGS;AACvB;AACA,CAAC,CAAC,CAAC,CAAC,CAAC,CAAC,CAAC,CAAC,CAAC,CAAC,CAAC,CAAC,CAAC,CAAC,CAAC,CAAC,CAAC,CAAC,CAAC,CAAC,CAAC,CAAC,CAAC,CAAC,CAAC,CAAC,CAAC,CAAC,CAAC,CAAC,CAAC,CAAC;AAChC;AACA,CAAC,CAAC,CAAC,CAAC,CAAC,CAAC,CAAC,CAAC,CAAC,CAAC,CAAC,CAAC,CAAC,CAAC,CAAC,CAAC,CAAC,CAAC,CAAC,CAAC;AACpB,CAAC,CAAC,CAAC,CAAC,CAAC,CAAC,CAAC,CAAC,CAAC,CAAC,CAAC,CAAC,CAAC,CAAC,CAAC,CAAC,CAAC,CAAC;AAClB,CAAC,CAAC;AACF;AACA,CAAC,CAAC,CAAC,CAAC,CAAC,CAAC,CAAC,CAAC,CAAC,CAAC,CAAC,CAAC,CAAC,CAAC,CAAC,CAAC,CAAC;AACjB,CAAC,CAAC,CAAC,CAAC,CAAC,CAAC,CAAC,CAAC,CAAC,CAAC,CAAC,CAAC,CAAC,CAAC,CAAC,CAAC,CAAC,CAAC,CAAC,CAAC,CAAC,CAAC,CAAC,CAAC;AACxB,CAAC;AACD;AACA,CAAC,CAAC,CAAC,CAAC,CAAC,CAAC,CAAC,CAAC,CAAC,CAAC,CAAC,CAAC,CAAC,CAAC,CAAC,CAAC,CAAC,CAAC,CAAC,CAAC,CAAC,CAAC,CAAC,CAAC,CAAC,CAAC,CAAC,CAAC,CAAC,CAAC,CAAC;AAC/B,CAAC,CAAC,CAAC,CAAC,CAAC,CAAC,CAAC,CAAC,CAAC,CAAC,CAAC,CAAC,CAAC,CAAC,CAAC,CAAC;AAChB,CAAC;AACD;AACA,CAAC,CAAC,CAAC,CAAC,CAAC,CAAC,CAAC,CAAC,CAAC,CAAC,CAAC,CAAC,CAAC,CAAC,CAAC,CAAC,CAAC,CAAC,CAAC,CAAC,CAAC,CAAC,CAAC,CAAC,CAAC,CAAC,CAAC,CAAC,CAAC,CAAC,CAAC,CAAC,CAAC,CAAC,CAAC,CAAC,CAAC,CAAC,CAAC,CAAC,CAAC,CAAC,CAAC,CAAC,CAAC,CAAC,CAAC,CAAC,CAAC,CAAC,CAAC,CAAC,CAAC,CAAC,CAAC,CAAC,CAAC,CAAC,CAAC,CAAC,CAAC,CAAC,CAAC,CAAC,CAAC,CAAC,CAAC,CAAC,CAAC,CAAC,CAAC,CAAC,CAAC,CAAC,CAAC,CAAC,CAAC,CAAC,CAAC,CAAC,CAAC,CAAC,CAAC,CAAC,CAAC,CAAC,CAAC,CAAC,CAAC,CAAC,CAAC,CAAC,CAAC,CAAC,CAAC,CAAC,CAAC,CAAC,CAAC,CAAC,CAAC,CAAC,CAAC,CAAC,CAAC,CAAC,CAAC,CAAC,CAAC,CAAC,CAAC,CAAC,CAAC,CAAC,CAAC,CAAC;AACpH,MAAY,CAAC,CAAC,CAAC,CAAC,CAAC,CAAC,CAAC,CAAC,CAAC,CAAC,CAAC,CAAC,CAAC,CAAC,CAAC,CAAC,CAAC,CAAC,CAAC,CAAC,CAAC,CAAC,CAAC,CAAC,CAAC,CAAC,CAAC,CAAC,CAAC,CAAC,CAAC,CAAC,CAAC,CAAC,CAAC;;;;;;;;;;qBAIxC,KAAK,EAAC,KAAK;qBACV,KAAK,EAAC,+BAA+B;;;wBAD3C,oBAOM,OAPN,UAOM;IANJ,oBAA0D,MAA1D,UAA0D,mBAAb,YAAK;IAClD,oBAA+B,YAA3B,SAAO,oBAAG,UAAG;IACjB,oBAA2B,YAAvB,SAAO,oBAAG,YAAK;IACnB,oBAAiC,YAA7B,YAAU,oBAAG,eAAQ;IACzB,oBAA2B,YAAvB,QAAM,oBAAG,WAAI;IACjB,oBAAgC,6BAAzB,eAAQ,CAAC,QAAQ"
    },
    "_coverageSchema": "1a1c01bbd47fc00a2c39e90264f33305004495a9",
    "hash": "80c643667829f2b3d270eeb73676aec568cfada2"
  }
}